This is pdfTeX, Version 3.141592653-2.6-1.40.24 (TeX Live 2022) (preloaded format=pdflatex 2022.5.15)  24 JUL 2022 18:42
entering extended mode
 restricted \write18 enabled.
 %&-line parsing enabled.
**"Lingfei Thesis.tex"
(./Lingfei Thesis.tex
LaTeX2e <2021-11-15> patch level 1
L3 programming layer <2022-02-24>
(c:/texlive/2022/texmf-dist/tex/latex/beamer/beamer.cls
Document Class: beamer 2022/02/08 v3.66 A class for typesetting presentations
(c:/texlive/2022/texmf-dist/tex/latex/beamer/beamerbasemodes.sty
(c:/texlive/2022/texmf-dist/tex/latex/etoolbox/etoolbox.sty
Package: etoolbox 2020/10/05 v2.5k e-TeX tools for LaTeX (JAW)
\etb@tempcnta=\count185
)
\beamer@tempbox=\box50
\beamer@tempcount=\count186
\c@beamerpauses=\count187

(c:/texlive/2022/texmf-dist/tex/latex/beamer/beamerbasedecode.sty
\beamer@slideinframe=\count188
\beamer@minimum=\count189
\beamer@decode@box=\box51
)
\beamer@commentbox=\box52
\beamer@modecount=\count190
)
(c:/texlive/2022/texmf-dist/tex/generic/iftex/iftex.sty
Package: iftex 2022/02/03 v1.0f TeX engine tests
)
\headdp=\dimen138
\footheight=\dimen139
\sidebarheight=\dimen140
\beamer@tempdim=\dimen141
\beamer@finalheight=\dimen142
\beamer@animht=\dimen143
\beamer@animdp=\dimen144
\beamer@animwd=\dimen145
\beamer@leftmargin=\dimen146
\beamer@rightmargin=\dimen147
\beamer@leftsidebar=\dimen148
\beamer@rightsidebar=\dimen149
\beamer@boxsize=\dimen150
\beamer@vboxoffset=\dimen151
\beamer@descdefault=\dimen152
\beamer@descriptionwidth=\dimen153
\beamer@lastskip=\skip47
\beamer@areabox=\box53
\beamer@animcurrent=\box54
\beamer@animshowbox=\box55
\beamer@sectionbox=\box56
\beamer@logobox=\box57
\beamer@linebox=\box58
\beamer@sectioncount=\count191
\beamer@subsubsectionmax=\count192
\beamer@subsectionmax=\count193
\beamer@sectionmax=\count194
\beamer@totalheads=\count195
\beamer@headcounter=\count196
\beamer@partstartpage=\count197
\beamer@sectionstartpage=\count198
\beamer@subsectionstartpage=\count199
\beamer@animationtempa=\count266
\beamer@animationtempb=\count267
\beamer@xpos=\count268
\beamer@ypos=\count269
\beamer@ypos@offset=\count270
\beamer@showpartnumber=\count271
\beamer@currentsubsection=\count272
\beamer@coveringdepth=\count273
\beamer@sectionadjust=\count274
\beamer@toclastsection=\count275
\beamer@tocsectionnumber=\count276

(c:/texlive/2022/texmf-dist/tex/latex/beamer/beamerbaseoptions.sty
(c:/texlive/2022/texmf-dist/tex/latex/graphics/keyval.sty
Package: keyval 2014/10/28 v1.15 key=value parser (DPC)
\KV@toks@=\toks16
))
\beamer@paperwidth=\skip48
\beamer@paperheight=\skip49

(c:/texlive/2022/texmf-dist/tex/latex/geometry/geometry.sty
Package: geometry 2020/01/02 v5.9 Page Geometry

(c:/texlive/2022/texmf-dist/tex/generic/iftex/ifvtex.sty
Package: ifvtex 2019/10/25 v1.7 ifvtex legacy package. Use iftex instead.
)
\Gm@cnth=\count277
\Gm@cntv=\count278
\c@Gm@tempcnt=\count279
\Gm@bindingoffset=\dimen154
\Gm@wd@mp=\dimen155
\Gm@odd@mp=\dimen156
\Gm@even@mp=\dimen157
\Gm@layoutwidth=\dimen158
\Gm@layoutheight=\dimen159
\Gm@layouthoffset=\dimen160
\Gm@layoutvoffset=\dimen161
\Gm@dimlist=\toks17
)
(c:/texlive/2022/texmf-dist/tex/latex/pgf/math/pgfmath.sty
(c:/texlive/2022/texmf-dist/tex/latex/pgf/utilities/pgfrcs.sty
(c:/texlive/2022/texmf-dist/tex/generic/pgf/utilities/pgfutil-common.tex
\pgfutil@everybye=\toks18
\pgfutil@tempdima=\dimen162
\pgfutil@tempdimb=\dimen163

(c:/texlive/2022/texmf-dist/tex/generic/pgf/utilities/pgfutil-common-lists.tex)
) (c:/texlive/2022/texmf-dist/tex/generic/pgf/utilities/pgfutil-latex.def
\pgfutil@abb=\box59
)
(c:/texlive/2022/texmf-dist/tex/generic/pgf/utilities/pgfrcs.code.tex
(c:/texlive/2022/texmf-dist/tex/generic/pgf/pgf.revision.tex)
Package: pgfrcs 2021/05/15 v3.1.9a (3.1.9a)
))
(c:/texlive/2022/texmf-dist/tex/latex/pgf/utilities/pgfkeys.sty
(c:/texlive/2022/texmf-dist/tex/generic/pgf/utilities/pgfkeys.code.tex
\pgfkeys@pathtoks=\toks19
\pgfkeys@temptoks=\toks20

(c:/texlive/2022/texmf-dist/tex/generic/pgf/utilities/pgfkeysfiltered.code.tex
\pgfkeys@tmptoks=\toks21
))) (c:/texlive/2022/texmf-dist/tex/generic/pgf/math/pgfmath.code.tex
(c:/texlive/2022/texmf-dist/tex/generic/pgf/math/pgfmathcalc.code.tex
(c:/texlive/2022/texmf-dist/tex/generic/pgf/math/pgfmathutil.code.tex
\pgf@x=\dimen164
\pgf@xa=\dimen165
\pgf@xb=\dimen166
\pgf@xc=\dimen167
\pgf@y=\dimen168
\pgf@ya=\dimen169
\pgf@yb=\dimen170
\pgf@yc=\dimen171
\c@pgf@counta=\count280
\c@pgf@countb=\count281
\c@pgf@countc=\count282
\c@pgf@countd=\count283
)
(c:/texlive/2022/texmf-dist/tex/generic/pgf/math/pgfmathparser.code.tex
\pgfmath@dimen=\dimen172
\pgfmath@count=\count284
\pgfmath@box=\box60
\pgfmath@toks=\toks22
\pgfmath@stack@operand=\toks23
\pgfmath@stack@operation=\toks24
)
(c:/texlive/2022/texmf-dist/tex/generic/pgf/math/pgfmathfunctions.code.tex
(c:/texlive/2022/texmf-dist/tex/generic/pgf/math/pgfmathfunctions.basic.code.te
x)
(c:/texlive/2022/texmf-dist/tex/generic/pgf/math/pgfmathfunctions.trigonometric
.code.tex)
(c:/texlive/2022/texmf-dist/tex/generic/pgf/math/pgfmathfunctions.random.code.t
ex)
(c:/texlive/2022/texmf-dist/tex/generic/pgf/math/pgfmathfunctions.comparison.co
de.tex)
(c:/texlive/2022/texmf-dist/tex/generic/pgf/math/pgfmathfunctions.base.code.tex
)
(c:/texlive/2022/texmf-dist/tex/generic/pgf/math/pgfmathfunctions.round.code.te
x)
(c:/texlive/2022/texmf-dist/tex/generic/pgf/math/pgfmathfunctions.misc.code.tex
)
(c:/texlive/2022/texmf-dist/tex/generic/pgf/math/pgfmathfunctions.integerarithm
etics.code.tex)))
(c:/texlive/2022/texmf-dist/tex/generic/pgf/math/pgfmathfloat.code.tex
\c@pgfmathroundto@lastzeros=\count285
)))
(c:/texlive/2022/texmf-dist/tex/latex/base/size10.clo
File: size10.clo 2021/10/04 v1.4n Standard LaTeX file (size option)
)
(c:/texlive/2022/texmf-dist/tex/latex/pgf/basiclayer/pgfcore.sty
(c:/texlive/2022/texmf-dist/tex/latex/graphics/graphicx.sty
Package: graphicx 2021/09/16 v1.2d Enhanced LaTeX Graphics (DPC,SPQR)

(c:/texlive/2022/texmf-dist/tex/latex/graphics/graphics.sty
Package: graphics 2021/03/04 v1.4d Standard LaTeX Graphics (DPC,SPQR)

(c:/texlive/2022/texmf-dist/tex/latex/graphics/trig.sty
Package: trig 2021/08/11 v1.11 sin cos tan (DPC)
)
(c:/texlive/2022/texmf-dist/tex/latex/graphics-cfg/graphics.cfg
File: graphics.cfg 2016/06/04 v1.11 sample graphics configuration
)
Package graphics Info: Driver file: pdftex.def on input line 107.

(c:/texlive/2022/texmf-dist/tex/latex/graphics-def/pdftex.def
File: pdftex.def 2020/10/05 v1.2a Graphics/color driver for pdftex
))
\Gin@req@height=\dimen173
\Gin@req@width=\dimen174
)
(c:/texlive/2022/texmf-dist/tex/latex/pgf/systemlayer/pgfsys.sty
(c:/texlive/2022/texmf-dist/tex/generic/pgf/systemlayer/pgfsys.code.tex
Package: pgfsys 2021/05/15 v3.1.9a (3.1.9a)

(c:/texlive/2022/texmf-dist/tex/generic/pgf/utilities/pgfkeys.code.tex)
\pgf@x=\dimen175
\pgf@y=\dimen176
\pgf@xa=\dimen177
\pgf@ya=\dimen178
\pgf@xb=\dimen179
\pgf@yb=\dimen180
\pgf@xc=\dimen181
\pgf@yc=\dimen182
\pgf@xd=\dimen183
\pgf@yd=\dimen184
\w@pgf@writea=\write3
\r@pgf@reada=\read2
\c@pgf@counta=\count286
\c@pgf@countb=\count287
\c@pgf@countc=\count288
\c@pgf@countd=\count289
\t@pgf@toka=\toks25
\t@pgf@tokb=\toks26
\t@pgf@tokc=\toks27
\pgf@sys@id@count=\count290

(c:/texlive/2022/texmf-dist/tex/generic/pgf/systemlayer/pgf.cfg
File: pgf.cfg 2021/05/15 v3.1.9a (3.1.9a)
)
Driver file for pgf: pgfsys-pdftex.def

(c:/texlive/2022/texmf-dist/tex/generic/pgf/systemlayer/pgfsys-pdftex.def
File: pgfsys-pdftex.def 2021/05/15 v3.1.9a (3.1.9a)

(c:/texlive/2022/texmf-dist/tex/generic/pgf/systemlayer/pgfsys-common-pdf.def
File: pgfsys-common-pdf.def 2021/05/15 v3.1.9a (3.1.9a)
)))
(c:/texlive/2022/texmf-dist/tex/generic/pgf/systemlayer/pgfsyssoftpath.code.tex
File: pgfsyssoftpath.code.tex 2021/05/15 v3.1.9a (3.1.9a)
\pgfsyssoftpath@smallbuffer@items=\count291
\pgfsyssoftpath@bigbuffer@items=\count292
)
(c:/texlive/2022/texmf-dist/tex/generic/pgf/systemlayer/pgfsysprotocol.code.tex
File: pgfsysprotocol.code.tex 2021/05/15 v3.1.9a (3.1.9a)
)) (c:/texlive/2022/texmf-dist/tex/latex/xcolor/xcolor.sty
Package: xcolor 2021/10/31 v2.13 LaTeX color extensions (UK)

(c:/texlive/2022/texmf-dist/tex/latex/graphics-cfg/color.cfg
File: color.cfg 2016/01/02 v1.6 sample color configuration
)
Package xcolor Info: Driver file: pdftex.def on input line 227.
Package xcolor Info: Model `cmy' substituted by `cmy0' on input line 1352.
Package xcolor Info: Model `hsb' substituted by `rgb' on input line 1356.
Package xcolor Info: Model `RGB' extended on input line 1368.
Package xcolor Info: Model `HTML' substituted by `rgb' on input line 1370.
Package xcolor Info: Model `Hsb' substituted by `hsb' on input line 1371.
Package xcolor Info: Model `tHsb' substituted by `hsb' on input line 1372.
Package xcolor Info: Model `HSB' substituted by `hsb' on input line 1373.
Package xcolor Info: Model `Gray' substituted by `gray' on input line 1374.
Package xcolor Info: Model `wave' substituted by `hsb' on input line 1375.
)
(c:/texlive/2022/texmf-dist/tex/generic/pgf/basiclayer/pgfcore.code.tex
Package: pgfcore 2021/05/15 v3.1.9a (3.1.9a)

(c:/texlive/2022/texmf-dist/tex/generic/pgf/math/pgfmath.code.tex)
(c:/texlive/2022/texmf-dist/tex/generic/pgf/math/pgfint.code.tex)
(c:/texlive/2022/texmf-dist/tex/generic/pgf/basiclayer/pgfcorepoints.code.tex
File: pgfcorepoints.code.tex 2021/05/15 v3.1.9a (3.1.9a)
\pgf@picminx=\dimen185
\pgf@picmaxx=\dimen186
\pgf@picminy=\dimen187
\pgf@picmaxy=\dimen188
\pgf@pathminx=\dimen189
\pgf@pathmaxx=\dimen190
\pgf@pathminy=\dimen191
\pgf@pathmaxy=\dimen192
\pgf@xx=\dimen193
\pgf@xy=\dimen194
\pgf@yx=\dimen195
\pgf@yy=\dimen196
\pgf@zx=\dimen197
\pgf@zy=\dimen198
)
(c:/texlive/2022/texmf-dist/tex/generic/pgf/basiclayer/pgfcorepathconstruct.cod
e.tex
File: pgfcorepathconstruct.code.tex 2021/05/15 v3.1.9a (3.1.9a)
\pgf@path@lastx=\dimen199
\pgf@path@lasty=\dimen256
)
(c:/texlive/2022/texmf-dist/tex/generic/pgf/basiclayer/pgfcorepathusage.code.te
x
File: pgfcorepathusage.code.tex 2021/05/15 v3.1.9a (3.1.9a)
\pgf@shorten@end@additional=\dimen257
\pgf@shorten@start@additional=\dimen258
)
(c:/texlive/2022/texmf-dist/tex/generic/pgf/basiclayer/pgfcorescopes.code.tex
File: pgfcorescopes.code.tex 2021/05/15 v3.1.9a (3.1.9a)
\pgfpic=\box61
\pgf@hbox=\box62
\pgf@layerbox@main=\box63
\pgf@picture@serial@count=\count293
)
(c:/texlive/2022/texmf-dist/tex/generic/pgf/basiclayer/pgfcoregraphicstate.code
.tex
File: pgfcoregraphicstate.code.tex 2021/05/15 v3.1.9a (3.1.9a)
\pgflinewidth=\dimen259
)
(c:/texlive/2022/texmf-dist/tex/generic/pgf/basiclayer/pgfcoretransformations.c
ode.tex
File: pgfcoretransformations.code.tex 2021/05/15 v3.1.9a (3.1.9a)
\pgf@pt@x=\dimen260
\pgf@pt@y=\dimen261
\pgf@pt@temp=\dimen262
)
(c:/texlive/2022/texmf-dist/tex/generic/pgf/basiclayer/pgfcorequick.code.tex
File: pgfcorequick.code.tex 2021/05/15 v3.1.9a (3.1.9a)
)
(c:/texlive/2022/texmf-dist/tex/generic/pgf/basiclayer/pgfcoreobjects.code.tex
File: pgfcoreobjects.code.tex 2021/05/15 v3.1.9a (3.1.9a)
)
(c:/texlive/2022/texmf-dist/tex/generic/pgf/basiclayer/pgfcorepathprocessing.co
de.tex
File: pgfcorepathprocessing.code.tex 2021/05/15 v3.1.9a (3.1.9a)
)
(c:/texlive/2022/texmf-dist/tex/generic/pgf/basiclayer/pgfcorearrows.code.tex
File: pgfcorearrows.code.tex 2021/05/15 v3.1.9a (3.1.9a)
\pgfarrowsep=\dimen263
)
(c:/texlive/2022/texmf-dist/tex/generic/pgf/basiclayer/pgfcoreshade.code.tex
File: pgfcoreshade.code.tex 2021/05/15 v3.1.9a (3.1.9a)
\pgf@max=\dimen264
\pgf@sys@shading@range@num=\count294
\pgf@shadingcount=\count295
)
(c:/texlive/2022/texmf-dist/tex/generic/pgf/basiclayer/pgfcoreimage.code.tex
File: pgfcoreimage.code.tex 2021/05/15 v3.1.9a (3.1.9a)

(c:/texlive/2022/texmf-dist/tex/generic/pgf/basiclayer/pgfcoreexternal.code.tex
File: pgfcoreexternal.code.tex 2021/05/15 v3.1.9a (3.1.9a)
\pgfexternal@startupbox=\box64
))
(c:/texlive/2022/texmf-dist/tex/generic/pgf/basiclayer/pgfcorelayers.code.tex
File: pgfcorelayers.code.tex 2021/05/15 v3.1.9a (3.1.9a)
)
(c:/texlive/2022/texmf-dist/tex/generic/pgf/basiclayer/pgfcoretransparency.code
.tex
File: pgfcoretransparency.code.tex 2021/05/15 v3.1.9a (3.1.9a)
)
(c:/texlive/2022/texmf-dist/tex/generic/pgf/basiclayer/pgfcorepatterns.code.tex
File: pgfcorepatterns.code.tex 2021/05/15 v3.1.9a (3.1.9a)
) (c:/texlive/2022/texmf-dist/tex/generic/pgf/basiclayer/pgfcorerdf.code.tex
File: pgfcorerdf.code.tex 2021/05/15 v3.1.9a (3.1.9a)
))) (c:/texlive/2022/texmf-dist/tex/latex/pgf/utilities/xxcolor.sty
Package: xxcolor 2003/10/24 ver 0.1
\XC@nummixins=\count296
\XC@countmixins=\count297
)
(c:/texlive/2022/texmf-dist/tex/latex/base/atbegshi-ltx.sty
Package: atbegshi-ltx 2021/01/10 v1.0c Emulation of the original atbegshi
package with kernel methods
)
(c:/texlive/2022/texmf-dist/tex/latex/hyperref/hyperref.sty
Package: hyperref 2022-02-21 v7.00n Hypertext links for LaTeX

(c:/texlive/2022/texmf-dist/tex/generic/ltxcmds/ltxcmds.sty
Package: ltxcmds 2020-05-10 v1.25 LaTeX kernel commands for general use (HO)
)
(c:/texlive/2022/texmf-dist/tex/generic/pdftexcmds/pdftexcmds.sty
Package: pdftexcmds 2020-06-27 v0.33 Utility functions of pdfTeX for LuaTeX (HO
)

(c:/texlive/2022/texmf-dist/tex/generic/infwarerr/infwarerr.sty
Package: infwarerr 2019/12/03 v1.5 Providing info/warning/error messages (HO)
)
Package pdftexcmds Info: \pdf@primitive is available.
Package pdftexcmds Info: \pdf@ifprimitive is available.
Package pdftexcmds Info: \pdfdraftmode found.
)
(c:/texlive/2022/texmf-dist/tex/generic/kvsetkeys/kvsetkeys.sty
Package: kvsetkeys 2019/12/15 v1.18 Key value parser (HO)
)
(c:/texlive/2022/texmf-dist/tex/generic/kvdefinekeys/kvdefinekeys.sty
Package: kvdefinekeys 2019-12-19 v1.6 Define keys (HO)
)
(c:/texlive/2022/texmf-dist/tex/generic/pdfescape/pdfescape.sty
Package: pdfescape 2019/12/09 v1.15 Implements pdfTeX's escape features (HO)
)
(c:/texlive/2022/texmf-dist/tex/latex/hycolor/hycolor.sty
Package: hycolor 2020-01-27 v1.10 Color options for hyperref/bookmark (HO)
)
(c:/texlive/2022/texmf-dist/tex/latex/letltxmacro/letltxmacro.sty
Package: letltxmacro 2019/12/03 v1.6 Let assignment for LaTeX macros (HO)
)
(c:/texlive/2022/texmf-dist/tex/latex/auxhook/auxhook.sty
Package: auxhook 2019-12-17 v1.6 Hooks for auxiliary files (HO)
)
(c:/texlive/2022/texmf-dist/tex/latex/kvoptions/kvoptions.sty
Package: kvoptions 2020-10-07 v3.14 Key value format for package options (HO)
)
\@linkdim=\dimen265
\Hy@linkcounter=\count298
\Hy@pagecounter=\count299

(c:/texlive/2022/texmf-dist/tex/latex/hyperref/pd1enc.def
File: pd1enc.def 2022-02-21 v7.00n Hyperref: PDFDocEncoding definition (HO)
Now handling font encoding PD1 ...
... no UTF-8 mapping file for font encoding PD1
)
(c:/texlive/2022/texmf-dist/tex/generic/intcalc/intcalc.sty
Package: intcalc 2019/12/15 v1.3 Expandable calculations with integers (HO)
)
(c:/texlive/2022/texmf-dist/tex/generic/etexcmds/etexcmds.sty
Package: etexcmds 2019/12/15 v1.7 Avoid name clashes with e-TeX commands (HO)
)
\Hy@SavedSpaceFactor=\count300

(c:/texlive/2022/texmf-dist/tex/latex/hyperref/puenc.def
File: puenc.def 2022-02-21 v7.00n Hyperref: PDF Unicode definition (HO)
Now handling font encoding PU ...
... no UTF-8 mapping file for font encoding PU
)
Package hyperref Info: Option `bookmarks' set `true' on input line 4018.
Package hyperref Info: Option `bookmarksopen' set `true' on input line 4018.
Package hyperref Info: Option `implicit' set `false' on input line 4018.
Package hyperref Info: Hyper figures OFF on input line 4137.
Package hyperref Info: Link nesting OFF on input line 4142.
Package hyperref Info: Hyper index ON on input line 4145.
Package hyperref Info: Plain pages OFF on input line 4152.
Package hyperref Info: Backreferencing OFF on input line 4157.
Package hyperref Info: Implicit mode OFF; no redefinition of LaTeX internals.
Package hyperref Info: Bookmarks ON on input line 4390.
\c@Hy@tempcnt=\count301

(c:/texlive/2022/texmf-dist/tex/latex/url/url.sty
\Urlmuskip=\muskip16
Package: url 2013/09/16  ver 3.4  Verb mode for urls, etc.
)
LaTeX Info: Redefining \url on input line 4749.
\XeTeXLinkMargin=\dimen266

(c:/texlive/2022/texmf-dist/tex/generic/bitset/bitset.sty
Package: bitset 2019/12/09 v1.3 Handle bit-vector datatype (HO)

(c:/texlive/2022/texmf-dist/tex/generic/bigintcalc/bigintcalc.sty
Package: bigintcalc 2019/12/15 v1.5 Expandable calculations on big integers (HO
)
))
\Fld@menulength=\count302
\Field@Width=\dimen267
\Fld@charsize=\dimen268
Package hyperref Info: Hyper figures OFF on input line 6027.
Package hyperref Info: Link nesting OFF on input line 6032.
Package hyperref Info: Hyper index ON on input line 6035.
Package hyperref Info: backreferencing OFF on input line 6042.
Package hyperref Info: Link coloring OFF on input line 6047.
Package hyperref Info: Link coloring with OCG OFF on input line 6052.
Package hyperref Info: PDF/A mode OFF on input line 6057.
LaTeX Info: Redefining \ref on input line 6097.
LaTeX Info: Redefining \pageref on input line 6101.
\Hy@abspage=\count303


Package hyperref Message: Stopped early.

)
Package hyperref Info: Driver (autodetected): hpdftex.
 (c:/texlive/2022/texmf-dist/tex/latex/hyperref/hpdftex.def
File: hpdftex.def 2022-02-21 v7.00n Hyperref driver for pdfTeX

(c:/texlive/2022/texmf-dist/tex/latex/base/atveryend-ltx.sty
Package: atveryend-ltx 2020/08/19 v1.0a Emulation of the original atveryend pac
kage
with kernel methods
)
\Fld@listcount=\count304
\c@bookmark@seq@number=\count305

(c:/texlive/2022/texmf-dist/tex/latex/rerunfilecheck/rerunfilecheck.sty
Package: rerunfilecheck 2019/12/05 v1.9 Rerun checks for auxiliary files (HO)

(c:/texlive/2022/texmf-dist/tex/generic/uniquecounter/uniquecounter.sty
Package: uniquecounter 2019/12/15 v1.4 Provide unlimited unique counter (HO)
)
Package uniquecounter Info: New unique counter `rerunfilecheck' on input line 2
86.
))
(c:/texlive/2022/texmf-dist/tex/latex/beamer/beamerbaserequires.sty
(c:/texlive/2022/texmf-dist/tex/latex/beamer/beamerbasecompatibility.sty)
(c:/texlive/2022/texmf-dist/tex/latex/beamer/beamerbasefont.sty
(c:/texlive/2022/texmf-dist/tex/latex/amsfonts/amssymb.sty
Package: amssymb 2013/01/14 v3.01 AMS font symbols

(c:/texlive/2022/texmf-dist/tex/latex/amsfonts/amsfonts.sty
Package: amsfonts 2013/01/14 v3.01 Basic AMSFonts support
\@emptytoks=\toks28
\symAMSa=\mathgroup4
\symAMSb=\mathgroup5
LaTeX Font Info:    Redeclaring math symbol \hbar on input line 98.
LaTeX Font Info:    Overwriting math alphabet `\mathfrak' in version `bold'
(Font)                  U/euf/m/n --> U/euf/b/n on input line 106.
))
(c:/texlive/2022/texmf-dist/tex/latex/sansmathaccent/sansmathaccent.sty
Package: sansmathaccent 2020/01/31

(c:/texlive/2022/texmf-dist/tex/latex/koma-script/scrlfile.sty
Package: scrlfile 2021/11/13 v3.35 KOMA-Script package (file load hooks)

(c:/texlive/2022/texmf-dist/tex/latex/koma-script/scrlfile-hook.sty
Package: scrlfile-hook 2021/11/13 v3.35 KOMA-Script package (using LaTeX hooks)


(c:/texlive/2022/texmf-dist/tex/latex/koma-script/scrlogo.sty
Package: scrlogo 2021/11/13 v3.35 KOMA-Script package (logo)
)))))
(c:/texlive/2022/texmf-dist/tex/latex/beamer/beamerbasetranslator.sty
(c:/texlive/2022/texmf-dist/tex/latex/translator/translator.sty
Package: translator 2021-05-31 v1.12d Easy translation of strings in LaTeX
))
(c:/texlive/2022/texmf-dist/tex/latex/beamer/beamerbasemisc.sty)
(c:/texlive/2022/texmf-dist/tex/latex/beamer/beamerbasetwoscreens.sty)
(c:/texlive/2022/texmf-dist/tex/latex/beamer/beamerbaseoverlay.sty
\beamer@argscount=\count306
\beamer@lastskipcover=\skip50
\beamer@trivlistdepth=\count307
)
(c:/texlive/2022/texmf-dist/tex/latex/beamer/beamerbasetitle.sty)
(c:/texlive/2022/texmf-dist/tex/latex/beamer/beamerbasesection.sty
\c@lecture=\count308
\c@part=\count309
\c@section=\count310
\c@subsection=\count311
\c@subsubsection=\count312
)
(c:/texlive/2022/texmf-dist/tex/latex/beamer/beamerbaseframe.sty
\beamer@framebox=\box65
\beamer@frametitlebox=\box66
\beamer@zoombox=\box67
\beamer@zoomcount=\count313
\beamer@zoomframecount=\count314
\beamer@frametextheight=\dimen269
\c@subsectionslide=\count315
\beamer@frametopskip=\skip51
\beamer@framebottomskip=\skip52
\beamer@frametopskipautobreak=\skip53
\beamer@framebottomskipautobreak=\skip54
\beamer@envbody=\toks29
\framewidth=\dimen270
\c@framenumber=\count316
)
(c:/texlive/2022/texmf-dist/tex/latex/beamer/beamerbaseverbatim.sty
\beamer@verbatimfileout=\write4
)
(c:/texlive/2022/texmf-dist/tex/latex/beamer/beamerbaseframesize.sty
\beamer@splitbox=\box68
\beamer@autobreakcount=\count317
\beamer@autobreaklastheight=\dimen271
\beamer@frametitletoks=\toks30
\beamer@framesubtitletoks=\toks31
)
(c:/texlive/2022/texmf-dist/tex/latex/beamer/beamerbaseframecomponents.sty
\beamer@footins=\box69
)
(c:/texlive/2022/texmf-dist/tex/latex/beamer/beamerbasecolor.sty)
(c:/texlive/2022/texmf-dist/tex/latex/beamer/beamerbasenotes.sty
\beamer@frameboxcopy=\box70
)
(c:/texlive/2022/texmf-dist/tex/latex/beamer/beamerbasetoc.sty)
(c:/texlive/2022/texmf-dist/tex/latex/beamer/beamerbasetemplates.sty
\beamer@sbttoks=\toks32

(c:/texlive/2022/texmf-dist/tex/latex/beamer/beamerbaseauxtemplates.sty
(c:/texlive/2022/texmf-dist/tex/latex/beamer/beamerbaseboxes.sty
\bmb@box=\box71
\bmb@colorbox=\box72
\bmb@boxwidth=\dimen272
\bmb@boxheight=\dimen273
\bmb@prevheight=\dimen274
\bmb@temp=\dimen275
\bmb@dima=\dimen276
\bmb@dimb=\dimen277
\bmb@prevheight=\dimen278
)
\beamer@blockheadheight=\dimen279
))
(c:/texlive/2022/texmf-dist/tex/latex/beamer/beamerbaselocalstructure.sty
(c:/texlive/2022/texmf-dist/tex/latex/tools/enumerate.sty
Package: enumerate 2015/07/23 v3.00 enumerate extensions (DPC)
\@enLab=\toks33
)
\beamer@bibiconwidth=\skip55
\c@figure=\count318
\c@table=\count319
\abovecaptionskip=\skip56
\belowcaptionskip=\skip57
)
(c:/texlive/2022/texmf-dist/tex/latex/beamer/beamerbasenavigation.sty
\beamer@section@min@dim=\dimen280
)
(c:/texlive/2022/texmf-dist/tex/latex/beamer/beamerbasetheorems.sty
(c:/texlive/2022/texmf-dist/tex/latex/amsmath/amsmath.sty
Package: amsmath 2021/10/15 v2.17l AMS math features
\@mathmargin=\skip58

For additional information on amsmath, use the `?' option.
(c:/texlive/2022/texmf-dist/tex/latex/amsmath/amstext.sty
Package: amstext 2021/08/26 v2.01 AMS text

(c:/texlive/2022/texmf-dist/tex/latex/amsmath/amsgen.sty
File: amsgen.sty 1999/11/30 v2.0 generic functions
\@emptytoks=\toks34
\ex@=\dimen281
))
(c:/texlive/2022/texmf-dist/tex/latex/amsmath/amsbsy.sty
Package: amsbsy 1999/11/29 v1.2d Bold Symbols
\pmbraise@=\dimen282
)
(c:/texlive/2022/texmf-dist/tex/latex/amsmath/amsopn.sty
Package: amsopn 2021/08/26 v2.02 operator names
)
\inf@bad=\count320
LaTeX Info: Redefining \frac on input line 234.
\uproot@=\count321
\leftroot@=\count322
LaTeX Info: Redefining \overline on input line 399.
\classnum@=\count323
\DOTSCASE@=\count324
LaTeX Info: Redefining \ldots on input line 496.
LaTeX Info: Redefining \dots on input line 499.
LaTeX Info: Redefining \cdots on input line 620.
\Mathstrutbox@=\box73
\strutbox@=\box74
\big@size=\dimen283
LaTeX Font Info:    Redeclaring font encoding OML on input line 743.
LaTeX Font Info:    Redeclaring font encoding OMS on input line 744.
\macc@depth=\count325
\c@MaxMatrixCols=\count326
\dotsspace@=\muskip17
\c@parentequation=\count327
\dspbrk@lvl=\count328
\tag@help=\toks35
\row@=\count329
\column@=\count330
\maxfields@=\count331
\andhelp@=\toks36
\eqnshift@=\dimen284
\alignsep@=\dimen285
\tagshift@=\dimen286
\tagwidth@=\dimen287
\totwidth@=\dimen288
\lineht@=\dimen289
\@envbody=\toks37
\multlinegap=\skip59
\multlinetaggap=\skip60
\mathdisplay@stack=\toks38
LaTeX Info: Redefining \[ on input line 2938.
LaTeX Info: Redefining \] on input line 2939.
)
(c:/texlive/2022/texmf-dist/tex/latex/amscls/amsthm.sty
Package: amsthm 2020/05/29 v2.20.6
\thm@style=\toks39
\thm@bodyfont=\toks40
\thm@headfont=\toks41
\thm@notefont=\toks42
\thm@headpunct=\toks43
\thm@preskip=\skip61
\thm@postskip=\skip62
\thm@headsep=\skip63
\dth@everypar=\toks44
)
\c@theorem=\count332
)
(c:/texlive/2022/texmf-dist/tex/latex/beamer/beamerbasethemes.sty))
(c:/texlive/2022/texmf-dist/tex/latex/beamer/beamerthemedefault.sty
(c:/texlive/2022/texmf-dist/tex/latex/beamer/beamerfontthemedefault.sty)
(c:/texlive/2022/texmf-dist/tex/latex/beamer/beamercolorthemedefault.sty)
(c:/texlive/2022/texmf-dist/tex/latex/beamer/beamerinnerthemedefault.sty
\beamer@dima=\dimen290
\beamer@dimb=\dimen291
)
(c:/texlive/2022/texmf-dist/tex/latex/beamer/beamerouterthemedefault.sty)))
(c:/texlive/2022/texmf-dist/tex/latex/beamer/beamerthemeSingapore.sty
(c:/texlive/2022/texmf-dist/tex/latex/beamer/beamerouterthememiniframes.sty))
(c:/texlive/2022/texmf-dist/tex/latex/psnfss/mathptmx.sty
Package: mathptmx 2020/03/25 PSNFSS-v9.3 Times w/ Math, improved (SPQR, WaS) 
LaTeX Font Info:    Redeclaring symbol font `operators' on input line 28.
LaTeX Font Info:    Overwriting symbol font `operators' in version `normal'
(Font)                  OT1/cmr/m/n --> OT1/ztmcm/m/n on input line 28.
LaTeX Font Info:    Overwriting symbol font `operators' in version `bold'
(Font)                  OT1/cmr/bx/n --> OT1/ztmcm/m/n on input line 28.
LaTeX Font Info:    Redeclaring symbol font `letters' on input line 29.
LaTeX Font Info:    Overwriting symbol font `letters' in version `normal'
(Font)                  OML/cmm/m/it --> OML/ztmcm/m/it on input line 29.
LaTeX Font Info:    Overwriting symbol font `letters' in version `bold'
(Font)                  OML/cmm/b/it --> OML/ztmcm/m/it on input line 29.
LaTeX Font Info:    Redeclaring symbol font `symbols' on input line 30.
LaTeX Font Info:    Overwriting symbol font `symbols' in version `normal'
(Font)                  OMS/cmsy/m/n --> OMS/ztmcm/m/n on input line 30.
LaTeX Font Info:    Overwriting symbol font `symbols' in version `bold'
(Font)                  OMS/cmsy/b/n --> OMS/ztmcm/m/n on input line 30.
LaTeX Font Info:    Redeclaring symbol font `largesymbols' on input line 31.
LaTeX Font Info:    Overwriting symbol font `largesymbols' in version `normal'
(Font)                  OMX/cmex/m/n --> OMX/ztmcm/m/n on input line 31.
LaTeX Font Info:    Overwriting symbol font `largesymbols' in version `bold'
(Font)                  OMX/cmex/m/n --> OMX/ztmcm/m/n on input line 31.
\symbold=\mathgroup6
\symitalic=\mathgroup7
LaTeX Font Info:    Redeclaring math alphabet \mathbf on input line 34.
LaTeX Font Info:    Overwriting math alphabet `\mathbf' in version `normal'
(Font)                  OT1/cmr/bx/n --> OT1/ptm/bx/n on input line 34.
LaTeX Font Info:    Overwriting math alphabet `\mathbf' in version `bold'
(Font)                  OT1/cmr/bx/n --> OT1/ptm/bx/n on input line 34.
LaTeX Font Info:    Redeclaring math alphabet \mathit on input line 35.
LaTeX Font Info:    Overwriting math alphabet `\mathit' in version `normal'
(Font)                  OT1/cmr/m/it --> OT1/ptm/m/it on input line 35.
LaTeX Font Info:    Overwriting math alphabet `\mathit' in version `bold'
(Font)                  OT1/cmr/bx/it --> OT1/ptm/m/it on input line 35.
LaTeX Info: Redefining \hbar on input line 50.
)
(c:/texlive/2022/texmf-dist/tex/latex/tools/multicol.sty
Package: multicol 2021/10/28 v1.9b multicolumn formatting (FMi)
\c@tracingmulticols=\count333
\mult@box=\box75
\multicol@leftmargin=\dimen292
\c@unbalance=\count334
\c@collectmore=\count335
\doublecol@number=\count336
\multicoltolerance=\count337
\multicolpretolerance=\count338
\full@width=\dimen293
\page@free=\dimen294
\premulticols=\dimen295
\postmulticols=\dimen296
\multicolsep=\skip64
\multicolbaselineskip=\skip65
\partial@page=\box76
\last@line=\box77
\maxbalancingoverflow=\dimen297
\mult@rightbox=\box78
\mult@grightbox=\box79
\mult@firstbox=\box80
\mult@gfirstbox=\box81
\@tempa=\box82
\@tempa=\box83
\@tempa=\box84
\@tempa=\box85
\@tempa=\box86
\@tempa=\box87
\@tempa=\box88
\@tempa=\box89
\@tempa=\box90
\@tempa=\box91
\@tempa=\box92
\@tempa=\box93
\@tempa=\box94
\@tempa=\box95
\@tempa=\box96
\@tempa=\box97
\@tempa=\box98
\@tempa=\box99
\@tempa=\box100
\@tempa=\box101
\@tempa=\box102
\@tempa=\box103
\@tempa=\box104
\@tempa=\box105
\@tempa=\box106
\@tempa=\box107
\@tempa=\box108
\@tempa=\box109
\@tempa=\box110
\@tempa=\box111
\@tempa=\box112
\@tempa=\box113
\@tempa=\box114
\@tempa=\box115
\@tempa=\box116
\@tempa=\box117
\c@minrows=\count339
\c@columnbadness=\count340
\c@finalcolumnbadness=\count341
\last@try=\dimen298
\multicolovershoot=\dimen299
\multicolundershoot=\dimen300
\mult@nat@firstbox=\box118
\colbreak@box=\box119
\mc@col@check@num=\count342
)
(c:/texlive/2022/texmf-dist/tex/latex/threeparttable/threeparttable.sty
Package: threeparttable 2003/06/13  v 3.0
\@tempboxb=\box120
)
(c:/texlive/2022/texmf-dist/tex/latex/cite/cite.sty
LaTeX Info: Redefining \cite on input line 302.
LaTeX Info: Redefining \nocite on input line 332.
Package: cite 2015/02/27  v 5.5
)
(c:/texlive/2022/texmf-dist/tex/latex/tcolorbox/tcolorbox.sty
Package: tcolorbox 2022/01/07 version 5.0.2 text color boxes

(c:/texlive/2022/texmf-dist/tex/latex/pgf/basiclayer/pgf.sty
Package: pgf 2021/05/15 v3.1.9a (3.1.9a)

(c:/texlive/2022/texmf-dist/tex/generic/pgf/modules/pgfmoduleshapes.code.tex
File: pgfmoduleshapes.code.tex 2021/05/15 v3.1.9a (3.1.9a)
\pgfnodeparttextbox=\box121
)
(c:/texlive/2022/texmf-dist/tex/generic/pgf/modules/pgfmoduleplot.code.tex
File: pgfmoduleplot.code.tex 2021/05/15 v3.1.9a (3.1.9a)
)
(c:/texlive/2022/texmf-dist/tex/latex/pgf/compatibility/pgfcomp-version-0-65.st
y
Package: pgfcomp-version-0-65 2021/05/15 v3.1.9a (3.1.9a)
\pgf@nodesepstart=\dimen301
\pgf@nodesepend=\dimen302
)
(c:/texlive/2022/texmf-dist/tex/latex/pgf/compatibility/pgfcomp-version-1-18.st
y
Package: pgfcomp-version-1-18 2021/05/15 v3.1.9a (3.1.9a)
)) (c:/texlive/2022/texmf-dist/tex/latex/tools/verbatim.sty
Package: verbatim 2020-07-07 v1.5u LaTeX2e package for verbatim enhancements
\every@verbatim=\toks45
\verbatim@line=\toks46
\verbatim@in@stream=\read3
)
(c:/texlive/2022/texmf-dist/tex/latex/environ/environ.sty
Package: environ 2014/05/04 v0.3 A new way to define environments

(c:/texlive/2022/texmf-dist/tex/latex/trimspaces/trimspaces.sty
Package: trimspaces 2009/09/17 v1.1 Trim spaces around a token list
))
\tcb@titlebox=\box122
\tcb@upperbox=\box123
\tcb@lowerbox=\box124
\tcb@phantombox=\box125
\c@tcbbreakpart=\count343
\c@tcblayer=\count344
\c@tcolorbox@number=\count345
\tcb@temp=\box126
\tcb@temp=\box127
\tcb@temp=\box128
\tcb@temp=\box129
)
Package hyperref Info: Option `colorlinks' set `true' on input line 12.


Package hyperref Warning: Token not allowed in a PDF string (Unicode):
(hyperref)                removing `\\' on input line 18.


Package hyperref Warning: Token not allowed in a PDF string (Unicode):
(hyperref)                removing `\new@ifnextchar' on input line 18.


Package hyperref Warning: Token not allowed in a PDF string (Unicode):
(hyperref)                removing `\\' on input line 18.


Package hyperref Warning: Token not allowed in a PDF string (Unicode):
(hyperref)                removing `\new@ifnextchar' on input line 18.


Package hyperref Warning: Token not allowed in a PDF string (Unicode):
(hyperref)                removing `\\' on input line 18.


Package hyperref Warning: Token not allowed in a PDF string (Unicode):
(hyperref)                removing `\new@ifnextchar' on input line 18.

(c:/texlive/2022/texmf-dist/tex/latex/l3backend/l3backend-pdftex.def
File: l3backend-pdftex.def 2022-02-07 L3 backend support: PDF output (pdfTeX)
\l__color_backend_stack_int=\count346
\l__pdf_internal_box=\box130
)
(./Lingfei Thesis.aux)
\openout1 = `"Lingfei Thesis.aux"'.

LaTeX Font Info:    Checking defaults for OML/cmm/m/it on input line 22.
LaTeX Font Info:    ... okay on input line 22.
LaTeX Font Info:    Checking defaults for OMS/cmsy/m/n on input line 22.
LaTeX Font Info:    ... okay on input line 22.
LaTeX Font Info:    Checking defaults for OT1/cmr/m/n on input line 22.
LaTeX Font Info:    ... okay on input line 22.
LaTeX Font Info:    Checking defaults for T1/cmr/m/n on input line 22.
LaTeX Font Info:    ... okay on input line 22.
LaTeX Font Info:    Checking defaults for TS1/cmr/m/n on input line 22.
LaTeX Font Info:    ... okay on input line 22.
LaTeX Font Info:    Checking defaults for OMX/cmex/m/n on input line 22.
LaTeX Font Info:    ... okay on input line 22.
LaTeX Font Info:    Checking defaults for U/cmr/m/n on input line 22.
LaTeX Font Info:    ... okay on input line 22.
LaTeX Font Info:    Checking defaults for PD1/pdf/m/n on input line 22.
LaTeX Font Info:    ... okay on input line 22.
LaTeX Font Info:    Checking defaults for PU/pdf/m/n on input line 22.
LaTeX Font Info:    ... okay on input line 22.

*geometry* driver: auto-detecting
*geometry* detected driver: pdftex
*geometry* verbose mode - [ preamble ] result:
* driver: pdftex
* paper: custom
* layout: <same size as paper>
* layoutoffset:(h,v)=(0.0pt,0.0pt)
* modes: includehead includefoot 
* h-part:(L,W,R)=(28.45274pt, 307.28987pt, 28.45274pt)
* v-part:(T,H,B)=(0.0pt, 273.14662pt, 0.0pt)
* \paperwidth=364.19536pt
* \paperheight=273.14662pt
* \textwidth=307.28987pt
* \textheight=244.6939pt
* \oddsidemargin=-43.81725pt
* \evensidemargin=-43.81725pt
* \topmargin=-72.26999pt
* \headheight=14.22636pt
* \headsep=0.0pt
* \topskip=10.0pt
* \footskip=14.22636pt
* \marginparwidth=3.0pt
* \marginparsep=11.0pt
* \columnsep=10.0pt
* \skip\footins=9.0pt plus 4.0pt minus 2.0pt
* \hoffset=0.0pt
* \voffset=0.0pt
* \mag=1000
* \@twocolumnfalse
* \@twosidefalse
* \@mparswitchfalse
* \@reversemarginfalse
* (1in=72.27pt=25.4mm, 1cm=28.453pt)

(c:/texlive/2022/texmf-dist/tex/context/base/mkii/supp-pdf.mkii
[Loading MPS to PDF converter (version 2006.09.02).]
\scratchcounter=\count347
\scratchdimen=\dimen303
\scratchbox=\box131
\nofMPsegments=\count348
\nofMParguments=\count349
\everyMPshowfont=\toks47
\MPscratchCnt=\count350
\MPscratchDim=\dimen304
\MPnumerator=\count351
\makeMPintoPDFobject=\count352
\everyMPtoPDFconversion=\toks48
) (c:/texlive/2022/texmf-dist/tex/latex/epstopdf-pkg/epstopdf-base.sty
Package: epstopdf-base 2020-01-24 v2.11 Base part for package epstopdf
Package epstopdf-base Info: Redefining graphics rule for `.eps' on input line 4
85.

(c:/texlive/2022/texmf-dist/tex/latex/latexconfig/epstopdf-sys.cfg
File: epstopdf-sys.cfg 2010/07/13 v1.3 Configuration of (r)epstopdf for TeX Liv
e
))
Package hyperref Info: Link coloring ON on input line 22.

(c:/texlive/2022/texmf-dist/tex/latex/hyperref/nameref.sty
Package: nameref 2021-04-02 v2.47 Cross-referencing by name of section

(c:/texlive/2022/texmf-dist/tex/latex/refcount/refcount.sty
Package: refcount 2019/12/15 v3.6 Data extraction from label references (HO)
)
(c:/texlive/2022/texmf-dist/tex/generic/gettitlestring/gettitlestring.sty
Package: gettitlestring 2019/12/15 v1.6 Cleanup title references (HO)
)
\c@section@level=\count353
)
LaTeX Info: Redefining \ref on input line 22.
LaTeX Info: Redefining \pageref on input line 22.
LaTeX Info: Redefining \nameref on input line 22.

(./Lingfei Thesis.out) (./Lingfei Thesis.out)
\@outlinefile=\write5
\openout5 = `"Lingfei Thesis.out"'.

LaTeX Font Info:    Overwriting symbol font `operators' in version `normal'
(Font)                  OT1/ztmcm/m/n --> OT1/cmss/m/n on input line 22.
LaTeX Font Info:    Overwriting symbol font `operators' in version `bold'
(Font)                  OT1/ztmcm/m/n --> OT1/cmss/b/n on input line 22.
\symnumbers=\mathgroup8
\sympureletters=\mathgroup9
LaTeX Font Info:    Overwriting math alphabet `\mathrm' in version `normal'
(Font)                  OT1/cmss/m/n --> OT1/ptm/m/n on input line 22.
LaTeX Font Info:    Redeclaring math alphabet \mathbf on input line 22.
LaTeX Font Info:    Overwriting math alphabet `\mathbf' in version `normal'
(Font)                  OT1/ptm/bx/n --> OT1/cmss/b/n on input line 22.
LaTeX Font Info:    Overwriting math alphabet `\mathbf' in version `bold'
(Font)                  OT1/ptm/bx/n --> OT1/cmss/b/n on input line 22.
LaTeX Font Info:    Redeclaring math alphabet \mathsf on input line 22.
LaTeX Font Info:    Overwriting math alphabet `\mathsf' in version `normal'
(Font)                  OT1/cmss/m/n --> OT1/cmss/m/n on input line 22.
LaTeX Font Info:    Overwriting math alphabet `\mathsf' in version `bold'
(Font)                  OT1/cmss/bx/n --> OT1/cmss/m/n on input line 22.
LaTeX Font Info:    Redeclaring math alphabet \mathit on input line 22.
LaTeX Font Info:    Overwriting math alphabet `\mathit' in version `normal'
(Font)                  OT1/ptm/m/it --> OT1/cmss/m/it on input line 22.
LaTeX Font Info:    Overwriting math alphabet `\mathit' in version `bold'
(Font)                  OT1/ptm/m/it --> OT1/cmss/m/it on input line 22.
LaTeX Font Info:    Redeclaring math alphabet \mathtt on input line 22.
LaTeX Font Info:    Overwriting math alphabet `\mathtt' in version `normal'
(Font)                  OT1/cmtt/m/n --> OT1/cmtt/m/n on input line 22.
LaTeX Font Info:    Overwriting math alphabet `\mathtt' in version `bold'
(Font)                  OT1/cmtt/m/n --> OT1/cmtt/m/n on input line 22.
LaTeX Font Info:    Overwriting symbol font `numbers' in version `bold'
(Font)                  OT1/cmss/m/n --> OT1/cmss/b/n on input line 22.
LaTeX Font Info:    Overwriting symbol font `pureletters' in version `bold'
(Font)                  OT1/cmss/m/it --> OT1/cmss/b/it on input line 22.
LaTeX Font Info:    Overwriting math alphabet `\mathrm' in version `bold'
(Font)                  OT1/cmss/b/n --> OT1/ptm/b/n on input line 22.
LaTeX Font Info:    Overwriting math alphabet `\mathbf' in version `bold'
(Font)                  OT1/cmss/b/n --> OT1/cmss/b/n on input line 22.
LaTeX Font Info:    Overwriting math alphabet `\mathsf' in version `bold'
(Font)                  OT1/cmss/m/n --> OT1/cmss/b/n on input line 22.
LaTeX Font Info:    Overwriting math alphabet `\mathit' in version `bold'
(Font)                  OT1/cmss/m/it --> OT1/cmss/b/it on input line 22.
LaTeX Font Info:    Overwriting math alphabet `\mathtt' in version `bold'
(Font)                  OT1/cmtt/m/n --> OT1/cmtt/b/n on input line 22.
LaTeX Font Info:    Redeclaring symbol font `pureletters' on input line 22.
LaTeX Font Info:    Overwriting symbol font `pureletters' in version `normal'
(Font)                  OT1/cmss/m/it --> OT1/mathkerncmss/m/sl on input line 2
2.
LaTeX Font Info:    Overwriting symbol font `pureletters' in version `bold'
(Font)                  OT1/cmss/b/it --> OT1/mathkerncmss/m/sl on input line 2
2.
LaTeX Font Info:    Overwriting symbol font `pureletters' in version `bold'
(Font)                  OT1/mathkerncmss/m/sl --> OT1/mathkerncmss/bx/sl on inp
ut line 22.

(c:/texlive/2022/texmf-dist/tex/latex/translator/translator-basic-dictionary-En
glish.dict
Dictionary: translator-basic-dictionary, Language: English 
)
(c:/texlive/2022/texmf-dist/tex/latex/translator/translator-bibliography-dictio
nary-English.dict
Dictionary: translator-bibliography-dictionary, Language: English 
)
(c:/texlive/2022/texmf-dist/tex/latex/translator/translator-environment-diction
ary-English.dict
Dictionary: translator-environment-dictionary, Language: English 
)
(c:/texlive/2022/texmf-dist/tex/latex/translator/translator-months-dictionary-E
nglish.dict
Dictionary: translator-months-dictionary, Language: English 
)
(c:/texlive/2022/texmf-dist/tex/latex/translator/translator-numbers-dictionary-
English.dict
Dictionary: translator-numbers-dictionary, Language: English 
)
(c:/texlive/2022/texmf-dist/tex/latex/translator/translator-theorem-dictionary-
English.dict
Dictionary: translator-theorem-dictionary, Language: English 
) (./Lingfei Thesis.nav) [1

{c:/texlive/2022/texmf-var/fonts/map/pdftex/updmap/pdftex.map}] (./Lingfei Thes
is.toc)
Package epstopdf Info: Source file: <UST4C_L3.eps>
(epstopdf)                    date: 2015-05-10 01:35:38
(epstopdf)                    size: 187046 bytes
(epstopdf)             Output file: <UST4C_L3-eps-converted-to.pdf>
(epstopdf)                    date: 2022-05-04 11:34:08
(epstopdf)                    size: 10783 bytes
(epstopdf)             Command: <repstopdf --outfile=UST4C_L3-eps-converted-to.
pdf UST4C_L3.eps>
(epstopdf)             \includegraphics on input line 32.
Package epstopdf Info: Output file is already uptodate.
<UST4C_L3-eps-converted-to.pdf, id=144, 279.0425pt x 53.19875pt>
File: UST4C_L3-eps-converted-to.pdf Graphic file (type pdf)
<use UST4C_L3-eps-converted-to.pdf>
Package pdftex.def Info: UST4C_L3-eps-converted-to.pdf  used on input line 32.
(pdftex.def)             Requested size: 41.85455pt x 7.97946pt.
 [2

 <./UST4C_L3-eps-converted-to.pdf>]
LaTeX Font Info:    Trying to load font information for OML+ztmcm on input line
 48.
 (c:/texlive/2022/texmf-dist/tex/latex/psnfss/omlztmcm.fd
File: omlztmcm.fd 2000/01/03 Fontinst v1.801 font definitions for OML/ztmcm.
)
LaTeX Font Info:    Trying to load font information for OMS+ztmcm on input line
 48.

(c:/texlive/2022/texmf-dist/tex/latex/psnfss/omsztmcm.fd
File: omsztmcm.fd 2000/01/03 Fontinst v1.801 font definitions for OMS/ztmcm.
)
LaTeX Font Info:    Trying to load font information for OMX+ztmcm on input line
 48.

(c:/texlive/2022/texmf-dist/tex/latex/psnfss/omxztmcm.fd
File: omxztmcm.fd 2000/01/03 Fontinst v1.801 font definitions for OMX/ztmcm.
)
LaTeX Font Info:    Trying to load font information for OT1+ptm on input line 4
8.

(c:/texlive/2022/texmf-dist/tex/latex/psnfss/ot1ptm.fd
File: ot1ptm.fd 2001/06/04 font definitions for OT1/ptm.
)
LaTeX Font Info:    Font shape `OT1/ptm/bx/n' in size <10> not available
(Font)              Font shape `OT1/ptm/b/n' tried instead on input line 48.
LaTeX Font Info:    Font shape `OT1/ptm/bx/n' in size <7.4> not available
(Font)              Font shape `OT1/ptm/b/n' tried instead on input line 48.
LaTeX Font Info:    Font shape `OT1/ptm/bx/n' in size <6> not available
(Font)              Font shape `OT1/ptm/b/n' tried instead on input line 48.
LaTeX Font Info:    Trying to load font information for OT1+mathkerncmss on inp
ut line 48.

(c:/texlive/2022/texmf-dist/tex/latex/sansmathaccent/ot1mathkerncmss.fd
File: ot1mathkerncmss.fd 2020/01/31 Fontinst v1.933 font definitions for OT1/ma
thkerncmss.
)
LaTeX Font Info:    Font shape `OT1/ptm/bx/n' in size <9> not available
(Font)              Font shape `OT1/ptm/b/n' tried instead on input line 48.
LaTeX Font Info:    Font shape `OT1/ptm/bx/n' in size <7> not available
(Font)              Font shape `OT1/ptm/b/n' tried instead on input line 48.
LaTeX Font Info:    Font shape `OT1/ptm/bx/n' in size <5> not available
(Font)              Font shape `OT1/ptm/b/n' tried instead on input line 48.
Package epstopdf Info: Source file: <UST4C_L3.eps>
(epstopdf)                    date: 2015-05-10 01:35:38
(epstopdf)                    size: 187046 bytes
(epstopdf)             Output file: <UST4C_L3-eps-converted-to.pdf>
(epstopdf)                    date: 2022-05-04 11:34:08
(epstopdf)                    size: 10783 bytes
(epstopdf)             Command: <repstopdf --outfile=UST4C_L3-eps-converted-to.
pdf UST4C_L3.eps>
(epstopdf)             \includegraphics on input line 48.
Package epstopdf Info: Output file is already uptodate.
File: UST4C_L3-eps-converted-to.pdf Graphic file (type pdf)
<use UST4C_L3-eps-converted-to.pdf>
Package pdftex.def Info: UST4C_L3-eps-converted-to.pdf  used on input line 48.
(pdftex.def)             Requested size: 41.85455pt x 7.97946pt.

[3

]
Package epstopdf Info: Source file: <UST4C_L3.eps>
(epstopdf)                    date: 2015-05-10 01:35:38
(epstopdf)                    size: 187046 bytes
(epstopdf)             Output file: <UST4C_L3-eps-converted-to.pdf>
(epstopdf)                    date: 2022-05-04 11:34:08
(epstopdf)                    size: 10783 bytes
(epstopdf)             Command: <repstopdf --outfile=UST4C_L3-eps-converted-to.
pdf UST4C_L3.eps>
(epstopdf)             \includegraphics on input line 59.
Package epstopdf Info: Output file is already uptodate.
File: UST4C_L3-eps-converted-to.pdf Graphic file (type pdf)
<use UST4C_L3-eps-converted-to.pdf>
Package pdftex.def Info: UST4C_L3-eps-converted-to.pdf  used on input line 59.
(pdftex.def)             Requested size: 41.85455pt x 7.97946pt.
 [4

]
Package epstopdf Info: Source file: <UST4C_L3.eps>
(epstopdf)                    date: 2015-05-10 01:35:38
(epstopdf)                    size: 187046 bytes
(epstopdf)             Output file: <UST4C_L3-eps-converted-to.pdf>
(epstopdf)                    date: 2022-05-04 11:34:08
(epstopdf)                    size: 10783 bytes
(epstopdf)             Command: <repstopdf --outfile=UST4C_L3-eps-converted-to.
pdf UST4C_L3.eps>
(epstopdf)             \includegraphics on input line 68.
Package epstopdf Info: Output file is already uptodate.
File: UST4C_L3-eps-converted-to.pdf Graphic file (type pdf)
<use UST4C_L3-eps-converted-to.pdf>
Package pdftex.def Info: UST4C_L3-eps-converted-to.pdf  used on input line 68.
(pdftex.def)             Requested size: 41.85455pt x 7.97946pt.
 [5

]
Package epstopdf Info: Source file: <UST4C_L3.eps>
(epstopdf)                    date: 2015-05-10 01:35:38
(epstopdf)                    size: 187046 bytes
(epstopdf)             Output file: <UST4C_L3-eps-converted-to.pdf>
(epstopdf)                    date: 2022-05-04 11:34:08
(epstopdf)                    size: 10783 bytes
(epstopdf)             Command: <repstopdf --outfile=UST4C_L3-eps-converted-to.
pdf UST4C_L3.eps>
(epstopdf)             \includegraphics on input line 77.
Package epstopdf Info: Output file is already uptodate.
File: UST4C_L3-eps-converted-to.pdf Graphic file (type pdf)
<use UST4C_L3-eps-converted-to.pdf>
Package pdftex.def Info: UST4C_L3-eps-converted-to.pdf  used on input line 77.
(pdftex.def)             Requested size: 41.85455pt x 7.97946pt.
 [6

]
Package epstopdf Info: Source file: <UST4C_L3.eps>
(epstopdf)                    date: 2015-05-10 01:35:38
(epstopdf)                    size: 187046 bytes
(epstopdf)             Output file: <UST4C_L3-eps-converted-to.pdf>
(epstopdf)                    date: 2022-05-04 11:34:08
(epstopdf)                    size: 10783 bytes
(epstopdf)             Command: <repstopdf --outfile=UST4C_L3-eps-converted-to.
pdf UST4C_L3.eps>
(epstopdf)             \includegraphics on input line 93.
Package epstopdf Info: Output file is already uptodate.
File: UST4C_L3-eps-converted-to.pdf Graphic file (type pdf)
<use UST4C_L3-eps-converted-to.pdf>
Package pdftex.def Info: UST4C_L3-eps-converted-to.pdf  used on input line 93.
(pdftex.def)             Requested size: 41.85455pt x 7.97946pt.
 [7

]
Package epstopdf Info: Source file: <UST4C_L3.eps>
(epstopdf)                    date: 2015-05-10 01:35:38
(epstopdf)                    size: 187046 bytes
(epstopdf)             Output file: <UST4C_L3-eps-converted-to.pdf>
(epstopdf)                    date: 2022-05-04 11:34:08
(epstopdf)                    size: 10783 bytes
(epstopdf)             Command: <repstopdf --outfile=UST4C_L3-eps-converted-to.
pdf UST4C_L3.eps>
(epstopdf)             \includegraphics on input line 104.
Package epstopdf Info: Output file is already uptodate.
File: UST4C_L3-eps-converted-to.pdf Graphic file (type pdf)
<use UST4C_L3-eps-converted-to.pdf>
Package pdftex.def Info: UST4C_L3-eps-converted-to.pdf  used on input line 104.

(pdftex.def)             Requested size: 41.85455pt x 7.97946pt.
 [8

]
Package epstopdf Info: Source file: <UST4C_L3.eps>
(epstopdf)                    date: 2015-05-10 01:35:38
(epstopdf)                    size: 187046 bytes
(epstopdf)             Output file: <UST4C_L3-eps-converted-to.pdf>
(epstopdf)                    date: 2022-05-04 11:34:08
(epstopdf)                    size: 10783 bytes
(epstopdf)             Command: <repstopdf --outfile=UST4C_L3-eps-converted-to.
pdf UST4C_L3.eps>
(epstopdf)             \includegraphics on input line 117.
Package epstopdf Info: Output file is already uptodate.
File: UST4C_L3-eps-converted-to.pdf Graphic file (type pdf)
<use UST4C_L3-eps-converted-to.pdf>
Package pdftex.def Info: UST4C_L3-eps-converted-to.pdf  used on input line 117.

(pdftex.def)             Requested size: 41.85455pt x 7.97946pt.
 [9

]
Package epstopdf Info: Source file: <UST4C_L3.eps>
(epstopdf)                    date: 2015-05-10 01:35:38
(epstopdf)                    size: 187046 bytes
(epstopdf)             Output file: <UST4C_L3-eps-converted-to.pdf>
(epstopdf)                    date: 2022-05-04 11:34:08
(epstopdf)                    size: 10783 bytes
(epstopdf)             Command: <repstopdf --outfile=UST4C_L3-eps-converted-to.
pdf UST4C_L3.eps>
(epstopdf)             \includegraphics on input line 130.
Package epstopdf Info: Output file is already uptodate.
File: UST4C_L3-eps-converted-to.pdf Graphic file (type pdf)
<use UST4C_L3-eps-converted-to.pdf>
Package pdftex.def Info: UST4C_L3-eps-converted-to.pdf  used on input line 130.

(pdftex.def)             Requested size: 41.85455pt x 7.97946pt.
 [10

]
Package epstopdf Info: Source file: <UST4C_L3.eps>
(epstopdf)                    date: 2015-05-10 01:35:38
(epstopdf)                    size: 187046 bytes
(epstopdf)             Output file: <UST4C_L3-eps-converted-to.pdf>
(epstopdf)                    date: 2022-05-04 11:34:08
(epstopdf)                    size: 10783 bytes
(epstopdf)             Command: <repstopdf --outfile=UST4C_L3-eps-converted-to.
pdf UST4C_L3.eps>
(epstopdf)             \includegraphics on input line 141.
Package epstopdf Info: Output file is already uptodate.
File: UST4C_L3-eps-converted-to.pdf Graphic file (type pdf)
<use UST4C_L3-eps-converted-to.pdf>
Package pdftex.def Info: UST4C_L3-eps-converted-to.pdf  used on input line 141.

(pdftex.def)             Requested size: 41.85455pt x 7.97946pt.
 [11

]
Package epstopdf Info: Source file: <UST4C_L3.eps>
(epstopdf)                    date: 2015-05-10 01:35:38
(epstopdf)                    size: 187046 bytes
(epstopdf)             Output file: <UST4C_L3-eps-converted-to.pdf>
(epstopdf)                    date: 2022-05-04 11:34:08
(epstopdf)                    size: 10783 bytes
(epstopdf)             Command: <repstopdf --outfile=UST4C_L3-eps-converted-to.
pdf UST4C_L3.eps>
(epstopdf)             \includegraphics on input line 158.
Package epstopdf Info: Output file is already uptodate.
File: UST4C_L3-eps-converted-to.pdf Graphic file (type pdf)
<use UST4C_L3-eps-converted-to.pdf>
Package pdftex.def Info: UST4C_L3-eps-converted-to.pdf  used on input line 158.

(pdftex.def)             Requested size: 41.85455pt x 7.97946pt.
 [12

]
Package epstopdf Info: Source file: <UST4C_L3.eps>
(epstopdf)                    date: 2015-05-10 01:35:38
(epstopdf)                    size: 187046 bytes
(epstopdf)             Output file: <UST4C_L3-eps-converted-to.pdf>
(epstopdf)                    date: 2022-05-04 11:34:08
(epstopdf)                    size: 10783 bytes
(epstopdf)             Command: <repstopdf --outfile=UST4C_L3-eps-converted-to.
pdf UST4C_L3.eps>
(epstopdf)             \includegraphics on input line 169.
Package epstopdf Info: Output file is already uptodate.
File: UST4C_L3-eps-converted-to.pdf Graphic file (type pdf)
<use UST4C_L3-eps-converted-to.pdf>
Package pdftex.def Info: UST4C_L3-eps-converted-to.pdf  used on input line 169.

(pdftex.def)             Requested size: 41.85455pt x 7.97946pt.
 [13

]
<Table3.1.jpg, id=1194, 961.5925pt x 633.36626pt>
File: Table3.1.jpg Graphic file (type jpg)
<use Table3.1.jpg>
Package pdftex.def Info: Table3.1.jpg  used on input line 180.
(pdftex.def)             Requested size: 243.77225pt x 160.56467pt.
Package epstopdf Info: Source file: <UST4C_L3.eps>
(epstopdf)                    date: 2015-05-10 01:35:38
(epstopdf)                    size: 187046 bytes
(epstopdf)             Output file: <UST4C_L3-eps-converted-to.pdf>
(epstopdf)                    date: 2022-05-04 11:34:08
(epstopdf)                    size: 10783 bytes
(epstopdf)             Command: <repstopdf --outfile=UST4C_L3-eps-converted-to.
pdf UST4C_L3.eps>
(epstopdf)             \includegraphics on input line 180.
Package epstopdf Info: Output file is already uptodate.
File: UST4C_L3-eps-converted-to.pdf Graphic file (type pdf)
<use UST4C_L3-eps-converted-to.pdf>
Package pdftex.def Info: UST4C_L3-eps-converted-to.pdf  used on input line 180.

(pdftex.def)             Requested size: 41.85455pt x 7.97946pt.
 [14

 <./Table3.1.jpg>]
Package epstopdf Info: Source file: <UST4C_L3.eps>
(epstopdf)                    date: 2015-05-10 01:35:38
(epstopdf)                    size: 187046 bytes
(epstopdf)             Output file: <UST4C_L3-eps-converted-to.pdf>
(epstopdf)                    date: 2022-05-04 11:34:08
(epstopdf)                    size: 10783 bytes
(epstopdf)             Command: <repstopdf --outfile=UST4C_L3-eps-converted-to.
pdf UST4C_L3.eps>
(epstopdf)             \includegraphics on input line 194.
Package epstopdf Info: Output file is already uptodate.
File: UST4C_L3-eps-converted-to.pdf Graphic file (type pdf)
<use UST4C_L3-eps-converted-to.pdf>
Package pdftex.def Info: UST4C_L3-eps-converted-to.pdf  used on input line 194.

(pdftex.def)             Requested size: 41.85455pt x 7.97946pt.
 [15

]
<Figure3.1.jpg, id=1357, 1055.945pt x 558.58687pt>
File: Figure3.1.jpg Graphic file (type jpg)
<use Figure3.1.jpg>
Package pdftex.def Info: Figure3.1.jpg  used on input line 215.
(pdftex.def)             Requested size: 169.01035pt x 89.40129pt.

Overfull \hbox (15.36542pt too wide) in paragraph at lines 215--215
 [] 
 []

<Figure3.2.jpg, id=1358, 1055.44313pt x 560.59438pt>
File: Figure3.2.jpg Graphic file (type jpg)
<use Figure3.2.jpg>
Package pdftex.def Info: Figure3.2.jpg  used on input line 215.
(pdftex.def)             Requested size: 169.01035pt x 89.76535pt.

Overfull \hbox (15.36542pt too wide) in paragraph at lines 215--215
 [] 
 []

Package epstopdf Info: Source file: <UST4C_L3.eps>
(epstopdf)                    date: 2015-05-10 01:35:38
(epstopdf)                    size: 187046 bytes
(epstopdf)             Output file: <UST4C_L3-eps-converted-to.pdf>
(epstopdf)                    date: 2022-05-04 11:34:08
(epstopdf)                    size: 10783 bytes
(epstopdf)             Command: <repstopdf --outfile=UST4C_L3-eps-converted-to.
pdf UST4C_L3.eps>
(epstopdf)             \includegraphics on input line 215.
Package epstopdf Info: Output file is already uptodate.
File: UST4C_L3-eps-converted-to.pdf Graphic file (type pdf)
<use UST4C_L3-eps-converted-to.pdf>
Package pdftex.def Info: UST4C_L3-eps-converted-to.pdf  used on input line 215.

(pdftex.def)             Requested size: 41.85455pt x 7.97946pt.
[16

 <./Figure3.1.jpg> <./Figure3.2.jpg>]
LaTeX Font Info:    Font shape `OT1/ptm/bx/n' in size <8> not available
(Font)              Font shape `OT1/ptm/b/n' tried instead on input line 229.
LaTeX Font Info:    Trying to load font information for OMS+cmss on input line 
229.
LaTeX Font Info:    No file OMScmss.fd. on input line 229.


LaTeX Font Warning: Font shape `OMS/cmss/m/n' undefined
(Font)              using `OMS/cmsy/m/n' instead
(Font)              for symbol `textbraceleft' on input line 229.

Package epstopdf Info: Source file: <UST4C_L3.eps>
(epstopdf)                    date: 2015-05-10 01:35:38
(epstopdf)                    size: 187046 bytes
(epstopdf)             Output file: <UST4C_L3-eps-converted-to.pdf>
(epstopdf)                    date: 2022-05-04 11:34:08
(epstopdf)                    size: 10783 bytes
(epstopdf)             Command: <repstopdf --outfile=UST4C_L3-eps-converted-to.
pdf UST4C_L3.eps>
(epstopdf)             \includegraphics on input line 229.
Package epstopdf Info: Output file is already uptodate.
File: UST4C_L3-eps-converted-to.pdf Graphic file (type pdf)
<use UST4C_L3-eps-converted-to.pdf>
Package pdftex.def Info: UST4C_L3-eps-converted-to.pdf  used on input line 229.

(pdftex.def)             Requested size: 41.85455pt x 7.97946pt.
[17

]
Package epstopdf Info: Source file: <UST4C_L3.eps>
(epstopdf)                    date: 2015-05-10 01:35:38
(epstopdf)                    size: 187046 bytes
(epstopdf)             Output file: <UST4C_L3-eps-converted-to.pdf>
(epstopdf)                    date: 2022-05-04 11:34:08
(epstopdf)                    size: 10783 bytes
(epstopdf)             Command: <repstopdf --outfile=UST4C_L3-eps-converted-to.
pdf UST4C_L3.eps>
(epstopdf)             \includegraphics on input line 240.
Package epstopdf Info: Output file is already uptodate.
File: UST4C_L3-eps-converted-to.pdf Graphic file (type pdf)
<use UST4C_L3-eps-converted-to.pdf>
Package pdftex.def Info: UST4C_L3-eps-converted-to.pdf  used on input line 240.

(pdftex.def)             Requested size: 41.85455pt x 7.97946pt.
 [18

]
Package epstopdf Info: Source file: <UST4C_L3.eps>
(epstopdf)                    date: 2015-05-10 01:35:38
(epstopdf)                    size: 187046 bytes
(epstopdf)             Output file: <UST4C_L3-eps-converted-to.pdf>
(epstopdf)                    date: 2022-05-04 11:34:08
(epstopdf)                    size: 10783 bytes
(epstopdf)             Command: <repstopdf --outfile=UST4C_L3-eps-converted-to.
pdf UST4C_L3.eps>
(epstopdf)             \includegraphics on input line 247.
Package epstopdf Info: Output file is already uptodate.
File: UST4C_L3-eps-converted-to.pdf Graphic file (type pdf)
<use UST4C_L3-eps-converted-to.pdf>
Package pdftex.def Info: UST4C_L3-eps-converted-to.pdf  used on input line 247.

(pdftex.def)             Requested size: 41.85455pt x 7.97946pt.
 [19

]
Package epstopdf Info: Source file: <UST4C_L3.eps>
(epstopdf)                    date: 2015-05-10 01:35:38
(epstopdf)                    size: 187046 bytes
(epstopdf)             Output file: <UST4C_L3-eps-converted-to.pdf>
(epstopdf)                    date: 2022-05-04 11:34:08
(epstopdf)                    size: 10783 bytes
(epstopdf)             Command: <repstopdf --outfile=UST4C_L3-eps-converted-to.
pdf UST4C_L3.eps>
(epstopdf)             \includegraphics on input line 262.
Package epstopdf Info: Output file is already uptodate.
File: UST4C_L3-eps-converted-to.pdf Graphic file (type pdf)
<use UST4C_L3-eps-converted-to.pdf>
Package pdftex.def Info: UST4C_L3-eps-converted-to.pdf  used on input line 262.

(pdftex.def)             Requested size: 41.85455pt x 7.97946pt.
 [20

]
Package epstopdf Info: Source file: <UST4C_L3.eps>
(epstopdf)                    date: 2015-05-10 01:35:38
(epstopdf)                    size: 187046 bytes
(epstopdf)             Output file: <UST4C_L3-eps-converted-to.pdf>
(epstopdf)                    date: 2022-05-04 11:34:08
(epstopdf)                    size: 10783 bytes
(epstopdf)             Command: <repstopdf --outfile=UST4C_L3-eps-converted-to.
pdf UST4C_L3.eps>
(epstopdf)             \includegraphics on input line 274.
Package epstopdf Info: Output file is already uptodate.
File: UST4C_L3-eps-converted-to.pdf Graphic file (type pdf)
<use UST4C_L3-eps-converted-to.pdf>
Package pdftex.def Info: UST4C_L3-eps-converted-to.pdf  used on input line 274.

(pdftex.def)             Requested size: 41.85455pt x 7.97946pt.
 [21

]
<Table4.1.jpg, id=1843, 1133.23375pt x 520.94624pt>
File: Table4.1.jpg Graphic file (type jpg)
<use Table4.1.jpg>
Package pdftex.def Info: Table4.1.jpg  used on input line 286.
(pdftex.def)             Requested size: 276.559pt x 127.12819pt.
Package epstopdf Info: Source file: <UST4C_L3.eps>
(epstopdf)                    date: 2015-05-10 01:35:38
(epstopdf)                    size: 187046 bytes
(epstopdf)             Output file: <UST4C_L3-eps-converted-to.pdf>
(epstopdf)                    date: 2022-05-04 11:34:08
(epstopdf)                    size: 10783 bytes
(epstopdf)             Command: <repstopdf --outfile=UST4C_L3-eps-converted-to.
pdf UST4C_L3.eps>
(epstopdf)             \includegraphics on input line 286.
Package epstopdf Info: Output file is already uptodate.
File: UST4C_L3-eps-converted-to.pdf Graphic file (type pdf)
<use UST4C_L3-eps-converted-to.pdf>
Package pdftex.def Info: UST4C_L3-eps-converted-to.pdf  used on input line 286.

(pdftex.def)             Requested size: 41.85455pt x 7.97946pt.
 [22

 <./Table4.1.jpg>]
Package epstopdf Info: Source file: <UST4C_L3.eps>
(epstopdf)                    date: 2015-05-10 01:35:38
(epstopdf)                    size: 187046 bytes
(epstopdf)             Output file: <UST4C_L3-eps-converted-to.pdf>
(epstopdf)                    date: 2022-05-04 11:34:08
(epstopdf)                    size: 10783 bytes
(epstopdf)             Command: <repstopdf --outfile=UST4C_L3-eps-converted-to.
pdf UST4C_L3.eps>
(epstopdf)             \includegraphics on input line 298.
Package epstopdf Info: Output file is already uptodate.
File: UST4C_L3-eps-converted-to.pdf Graphic file (type pdf)
<use UST4C_L3-eps-converted-to.pdf>
Package pdftex.def Info: UST4C_L3-eps-converted-to.pdf  used on input line 298.

(pdftex.def)             Requested size: 41.85455pt x 7.97946pt.
 [23

]
Overfull \hbox (14.53058pt too wide) detected at line 327
[][][][][]
 []

Package epstopdf Info: Source file: <UST4C_L3.eps>
(epstopdf)                    date: 2015-05-10 01:35:38
(epstopdf)                    size: 187046 bytes
(epstopdf)             Output file: <UST4C_L3-eps-converted-to.pdf>
(epstopdf)                    date: 2022-05-04 11:34:08
(epstopdf)                    size: 10783 bytes
(epstopdf)             Command: <repstopdf --outfile=UST4C_L3-eps-converted-to.
pdf UST4C_L3.eps>
(epstopdf)             \includegraphics on input line 327.
Package epstopdf Info: Output file is already uptodate.
File: UST4C_L3-eps-converted-to.pdf Graphic file (type pdf)
<use UST4C_L3-eps-converted-to.pdf>
Package pdftex.def Info: UST4C_L3-eps-converted-to.pdf  used on input line 327.

(pdftex.def)             Requested size: 41.85455pt x 7.97946pt.
[24

]
<Table5.1.jpg, id=2091, 739.76375pt x 628.3475pt>
File: Table5.1.jpg Graphic file (type jpg)
<use Table5.1.jpg>
Package pdftex.def Info: Table5.1.jpg  used on input line 340.
(pdftex.def)             Requested size: 230.46739pt x 195.75407pt.

Overfull \vbox (7.30962pt too high) detected at line 340
 []

Package epstopdf Info: Source file: <UST4C_L3.eps>
(epstopdf)                    date: 2015-05-10 01:35:38
(epstopdf)                    size: 187046 bytes
(epstopdf)             Output file: <UST4C_L3-eps-converted-to.pdf>
(epstopdf)                    date: 2022-05-04 11:34:08
(epstopdf)                    size: 10783 bytes
(epstopdf)             Command: <repstopdf --outfile=UST4C_L3-eps-converted-to.
pdf UST4C_L3.eps>
(epstopdf)             \includegraphics on input line 340.
Package epstopdf Info: Output file is already uptodate.
File: UST4C_L3-eps-converted-to.pdf Graphic file (type pdf)
<use UST4C_L3-eps-converted-to.pdf>
Package pdftex.def Info: UST4C_L3-eps-converted-to.pdf  used on input line 340.

(pdftex.def)             Requested size: 41.85455pt x 7.97946pt.
[25

 <./Table5.1.jpg>]
Package epstopdf Info: Source file: <UST4C_L3.eps>
(epstopdf)                    date: 2015-05-10 01:35:38
(epstopdf)                    size: 187046 bytes
(epstopdf)             Output file: <UST4C_L3-eps-converted-to.pdf>
(epstopdf)                    date: 2022-05-04 11:34:08
(epstopdf)                    size: 10783 bytes
(epstopdf)             Command: <repstopdf --outfile=UST4C_L3-eps-converted-to.
pdf UST4C_L3.eps>
(epstopdf)             \includegraphics on input line 352.
Package epstopdf Info: Output file is already uptodate.
File: UST4C_L3-eps-converted-to.pdf Graphic file (type pdf)
<use UST4C_L3-eps-converted-to.pdf>
Package pdftex.def Info: UST4C_L3-eps-converted-to.pdf  used on input line 352.

(pdftex.def)             Requested size: 41.85455pt x 7.97946pt.
 [26

]
<Table5.2A.jpg, id=2253, 856.70062pt x 578.16pt>
File: Table5.2A.jpg Graphic file (type jpg)
<use Table5.2A.jpg>
Package pdftex.def Info: Table5.2A.jpg  used on input line 363.
(pdftex.def)             Requested size: 245.83282pt x 165.90652pt.
Package epstopdf Info: Source file: <UST4C_L3.eps>
(epstopdf)                    date: 2015-05-10 01:35:38
(epstopdf)                    size: 187046 bytes
(epstopdf)             Output file: <UST4C_L3-eps-converted-to.pdf>
(epstopdf)                    date: 2022-05-04 11:34:08
(epstopdf)                    size: 10783 bytes
(epstopdf)             Command: <repstopdf --outfile=UST4C_L3-eps-converted-to.
pdf UST4C_L3.eps>
(epstopdf)             \includegraphics on input line 363.
Package epstopdf Info: Output file is already uptodate.
File: UST4C_L3-eps-converted-to.pdf Graphic file (type pdf)
<use UST4C_L3-eps-converted-to.pdf>
Package pdftex.def Info: UST4C_L3-eps-converted-to.pdf  used on input line 363.

(pdftex.def)             Requested size: 41.85455pt x 7.97946pt.
 [27

 <./Table5.2A.jpg>]
<Table5.2B.jpg, id=2334, 856.70062pt x 511.9125pt>
File: Table5.2B.jpg Graphic file (type jpg)
<use Table5.2B.jpg>
Package pdftex.def Info: Table5.2B.jpg  used on input line 374.
(pdftex.def)             Requested size: 245.83282pt x 146.89641pt.
Package epstopdf Info: Source file: <UST4C_L3.eps>
(epstopdf)                    date: 2015-05-10 01:35:38
(epstopdf)                    size: 187046 bytes
(epstopdf)             Output file: <UST4C_L3-eps-converted-to.pdf>
(epstopdf)                    date: 2022-05-04 11:34:08
(epstopdf)                    size: 10783 bytes
(epstopdf)             Command: <repstopdf --outfile=UST4C_L3-eps-converted-to.
pdf UST4C_L3.eps>
(epstopdf)             \includegraphics on input line 374.
Package epstopdf Info: Output file is already uptodate.
File: UST4C_L3-eps-converted-to.pdf Graphic file (type pdf)
<use UST4C_L3-eps-converted-to.pdf>
Package pdftex.def Info: UST4C_L3-eps-converted-to.pdf  used on input line 374.

(pdftex.def)             Requested size: 41.85455pt x 7.97946pt.
 [28

 <./Table5.2B.jpg>]
Package epstopdf Info: Source file: <UST4C_L3.eps>
(epstopdf)                    date: 2015-05-10 01:35:38
(epstopdf)                    size: 187046 bytes
(epstopdf)             Output file: <UST4C_L3-eps-converted-to.pdf>
(epstopdf)                    date: 2022-05-04 11:34:08
(epstopdf)                    size: 10783 bytes
(epstopdf)             Command: <repstopdf --outfile=UST4C_L3-eps-converted-to.
pdf UST4C_L3.eps>
(epstopdf)             \includegraphics on input line 387.
Package epstopdf Info: Output file is already uptodate.
File: UST4C_L3-eps-converted-to.pdf Graphic file (type pdf)
<use UST4C_L3-eps-converted-to.pdf>
Package pdftex.def Info: UST4C_L3-eps-converted-to.pdf  used on input line 387.

(pdftex.def)             Requested size: 41.85455pt x 7.97946pt.

[29

]
<Table5.3.jpg, id=2494, 684.05562pt x 613.29124pt>
File: Table5.3.jpg Graphic file (type jpg)
<use Table5.3.jpg>
Package pdftex.def Info: Table5.3.jpg  used on input line 395.
(pdftex.def)             Requested size: 230.46739pt x 206.62593pt.
Package epstopdf Info: Source file: <UST4C_L3.eps>
(epstopdf)                    date: 2015-05-10 01:35:38
(epstopdf)                    size: 187046 bytes
(epstopdf)             Output file: <UST4C_L3-eps-converted-to.pdf>
(epstopdf)                    date: 2022-05-04 11:34:08
(epstopdf)                    size: 10783 bytes
(epstopdf)             Command: <repstopdf --outfile=UST4C_L3-eps-converted-to.
pdf UST4C_L3.eps>
(epstopdf)             \includegraphics on input line 395.
Package epstopdf Info: Output file is already uptodate.
File: UST4C_L3-eps-converted-to.pdf Graphic file (type pdf)
<use UST4C_L3-eps-converted-to.pdf>
Package pdftex.def Info: UST4C_L3-eps-converted-to.pdf  used on input line 395.

(pdftex.def)             Requested size: 41.85455pt x 7.97946pt.
 [30

 <./Table5.3.jpg>]
Package epstopdf Info: Source file: <UST4C_L3.eps>
(epstopdf)                    date: 2015-05-10 01:35:38
(epstopdf)                    size: 187046 bytes
(epstopdf)             Output file: <UST4C_L3-eps-converted-to.pdf>
(epstopdf)                    date: 2022-05-04 11:34:08
(epstopdf)                    size: 10783 bytes
(epstopdf)             Command: <repstopdf --outfile=UST4C_L3-eps-converted-to.
pdf UST4C_L3.eps>
(epstopdf)             \includegraphics on input line 407.
Package epstopdf Info: Output file is already uptodate.
File: UST4C_L3-eps-converted-to.pdf Graphic file (type pdf)
<use UST4C_L3-eps-converted-to.pdf>
Package pdftex.def Info: UST4C_L3-eps-converted-to.pdf  used on input line 407.

(pdftex.def)             Requested size: 41.85455pt x 7.97946pt.
 [31

]
<TableA2.jpg, id=2659, 820.06375pt x 638.88687pt>
File: TableA2.jpg Graphic file (type jpg)
<use TableA2.jpg>
Package pdftex.def Info: TableA2.jpg  used on input line 421.
(pdftex.def)             Requested size: 230.46739pt x 179.55pt.

Overfull \vbox (3.10555pt too high) detected at line 421
 []

Package epstopdf Info: Source file: <UST4C_L3.eps>
(epstopdf)                    date: 2015-05-10 01:35:38
(epstopdf)                    size: 187046 bytes
(epstopdf)             Output file: <UST4C_L3-eps-converted-to.pdf>
(epstopdf)                    date: 2022-05-04 11:34:08
(epstopdf)                    size: 10783 bytes
(epstopdf)             Command: <repstopdf --outfile=UST4C_L3-eps-converted-to.
pdf UST4C_L3.eps>
(epstopdf)             \includegraphics on input line 421.
Package epstopdf Info: Output file is already uptodate.
File: UST4C_L3-eps-converted-to.pdf Graphic file (type pdf)
<use UST4C_L3-eps-converted-to.pdf>
Package pdftex.def Info: UST4C_L3-eps-converted-to.pdf  used on input line 421.

(pdftex.def)             Requested size: 41.85455pt x 7.97946pt.
[32

 <./TableA2.jpg>]
<Table6.1.jpg, id=2740, 822.57312pt x 644.90938pt>
File: Table6.1.jpg Graphic file (type jpg)
<use Table6.1.jpg>
Package pdftex.def Info: Table6.1.jpg  used on input line 433.
(pdftex.def)             Requested size: 230.46739pt x 180.69148pt.
Package epstopdf Info: Source file: <UST4C_L3.eps>
(epstopdf)                    date: 2015-05-10 01:35:38
(epstopdf)                    size: 187046 bytes
(epstopdf)             Output file: <UST4C_L3-eps-converted-to.pdf>
(epstopdf)                    date: 2022-05-04 11:34:08
(epstopdf)                    size: 10783 bytes
(epstopdf)             Command: <repstopdf --outfile=UST4C_L3-eps-converted-to.
pdf UST4C_L3.eps>
(epstopdf)             \includegraphics on input line 433.
Package epstopdf Info: Output file is already uptodate.
File: UST4C_L3-eps-converted-to.pdf Graphic file (type pdf)
<use UST4C_L3-eps-converted-to.pdf>
Package pdftex.def Info: UST4C_L3-eps-converted-to.pdf  used on input line 433.

(pdftex.def)             Requested size: 41.85455pt x 7.97946pt.
 [33

 <./Table6.1.jpg>]
<Table6.2.jpg, id=2822, 765.35938pt x 621.32124pt>
File: Table6.2.jpg Graphic file (type jpg)
<use Table6.2.jpg>
Package pdftex.def Info: Table6.2.jpg  used on input line 444.
(pdftex.def)             Requested size: 245.83282pt x 199.56635pt.

Overfull \vbox (11.12189pt too high) detected at line 444
 []

Package epstopdf Info: Source file: <UST4C_L3.eps>
(epstopdf)                    date: 2015-05-10 01:35:38
(epstopdf)                    size: 187046 bytes
(epstopdf)             Output file: <UST4C_L3-eps-converted-to.pdf>
(epstopdf)                    date: 2022-05-04 11:34:08
(epstopdf)                    size: 10783 bytes
(epstopdf)             Command: <repstopdf --outfile=UST4C_L3-eps-converted-to.
pdf UST4C_L3.eps>
(epstopdf)             \includegraphics on input line 444.
Package epstopdf Info: Output file is already uptodate.
File: UST4C_L3-eps-converted-to.pdf Graphic file (type pdf)
<use UST4C_L3-eps-converted-to.pdf>
Package pdftex.def Info: UST4C_L3-eps-converted-to.pdf  used on input line 444.

(pdftex.def)             Requested size: 41.85455pt x 7.97946pt.
[34

 <./Table6.2.jpg>]
<Table6.3.jpg, id=2902, 598.235pt x 454.69875pt>
File: Table6.3.jpg Graphic file (type jpg)
<use Table6.3.jpg>
Package pdftex.def Info: Table6.3.jpg  used on input line 455.
(pdftex.def)             Requested size: 245.83282pt x 186.8509pt.
Package epstopdf Info: Source file: <UST4C_L3.eps>
(epstopdf)                    date: 2015-05-10 01:35:38
(epstopdf)                    size: 187046 bytes
(epstopdf)             Output file: <UST4C_L3-eps-converted-to.pdf>
(epstopdf)                    date: 2022-05-04 11:34:08
(epstopdf)                    size: 10783 bytes
(epstopdf)             Command: <repstopdf --outfile=UST4C_L3-eps-converted-to.
pdf UST4C_L3.eps>
(epstopdf)             \includegraphics on input line 455.
Package epstopdf Info: Output file is already uptodate.
File: UST4C_L3-eps-converted-to.pdf Graphic file (type pdf)
<use UST4C_L3-eps-converted-to.pdf>
Package pdftex.def Info: UST4C_L3-eps-converted-to.pdf  used on input line 455.

(pdftex.def)             Requested size: 41.85455pt x 7.97946pt.
 [35

 <./Table6.3.jpg>]
Package epstopdf Info: Source file: <UST4C_L3.eps>
(epstopdf)                    date: 2015-05-10 01:35:38
(epstopdf)                    size: 187046 bytes
(epstopdf)             Output file: <UST4C_L3-eps-converted-to.pdf>
(epstopdf)                    date: 2022-05-04 11:34:08
(epstopdf)                    size: 10783 bytes
(epstopdf)             Command: <repstopdf --outfile=UST4C_L3-eps-converted-to.
pdf UST4C_L3.eps>
(epstopdf)             \includegraphics on input line 473.
Package epstopdf Info: Output file is already uptodate.
File: UST4C_L3-eps-converted-to.pdf Graphic file (type pdf)
<use UST4C_L3-eps-converted-to.pdf>
Package pdftex.def Info: UST4C_L3-eps-converted-to.pdf  used on input line 473.

(pdftex.def)             Requested size: 41.85455pt x 7.97946pt.
 [36

]
<Table7.1A.jpg, id=3063, 948.54375pt x 588.1975pt>
File: Table7.1A.jpg Graphic file (type jpg)
<use Table7.1A.jpg>
Package pdftex.def Info: Table7.1A.jpg  used on input line 486.
(pdftex.def)             Requested size: 276.559pt x 171.49734pt.
Package epstopdf Info: Source file: <UST4C_L3.eps>
(epstopdf)                    date: 2015-05-10 01:35:38
(epstopdf)                    size: 187046 bytes
(epstopdf)             Output file: <UST4C_L3-eps-converted-to.pdf>
(epstopdf)                    date: 2022-05-04 11:34:08
(epstopdf)                    size: 10783 bytes
(epstopdf)             Command: <repstopdf --outfile=UST4C_L3-eps-converted-to.
pdf UST4C_L3.eps>
(epstopdf)             \includegraphics on input line 486.
Package epstopdf Info: Output file is already uptodate.
File: UST4C_L3-eps-converted-to.pdf Graphic file (type pdf)
<use UST4C_L3-eps-converted-to.pdf>
Package pdftex.def Info: UST4C_L3-eps-converted-to.pdf  used on input line 486.

(pdftex.def)             Requested size: 41.85455pt x 7.97946pt.
 [37

 <./Table7.1A.jpg>]
<Table7.1B.jpg, id=3145, 948.04187pt x 527.9725pt>
File: Table7.1B.jpg Graphic file (type jpg)
<use Table7.1B.jpg>
Package pdftex.def Info: Table7.1B.jpg  used on input line 494.
(pdftex.def)             Requested size: 276.559pt x 154.01845pt.
Package epstopdf Info: Source file: <UST4C_L3.eps>
(epstopdf)                    date: 2015-05-10 01:35:38
(epstopdf)                    size: 187046 bytes
(epstopdf)             Output file: <UST4C_L3-eps-converted-to.pdf>
(epstopdf)                    date: 2022-05-04 11:34:08
(epstopdf)                    size: 10783 bytes
(epstopdf)             Command: <repstopdf --outfile=UST4C_L3-eps-converted-to.
pdf UST4C_L3.eps>
(epstopdf)             \includegraphics on input line 494.
Package epstopdf Info: Output file is already uptodate.
File: UST4C_L3-eps-converted-to.pdf Graphic file (type pdf)
<use UST4C_L3-eps-converted-to.pdf>
Package pdftex.def Info: UST4C_L3-eps-converted-to.pdf  used on input line 494.

(pdftex.def)             Requested size: 41.85455pt x 7.97946pt.

[38

 <./Table7.1B.jpg>]
<Table7.2A.jpg, id=3226, 746.28813pt x 459.7175pt>
File: Table7.2A.jpg Graphic file (type jpg)
<use Table7.2A.jpg>
Package pdftex.def Info: Table7.2A.jpg  used on input line 505.
(pdftex.def)             Requested size: 276.559pt x 170.35936pt.
Package epstopdf Info: Source file: <UST4C_L3.eps>
(epstopdf)                    date: 2015-05-10 01:35:38
(epstopdf)                    size: 187046 bytes
(epstopdf)             Output file: <UST4C_L3-eps-converted-to.pdf>
(epstopdf)                    date: 2022-05-04 11:34:08
(epstopdf)                    size: 10783 bytes
(epstopdf)             Command: <repstopdf --outfile=UST4C_L3-eps-converted-to.
pdf UST4C_L3.eps>
(epstopdf)             \includegraphics on input line 505.
Package epstopdf Info: Output file is already uptodate.
File: UST4C_L3-eps-converted-to.pdf Graphic file (type pdf)
<use UST4C_L3-eps-converted-to.pdf>
Package pdftex.def Info: UST4C_L3-eps-converted-to.pdf  used on input line 505.

(pdftex.def)             Requested size: 41.85455pt x 7.97946pt.
 [39

 <./Table7.2A.jpg>]
<Table7.2B.jpg, id=3306, 748.29562pt x 403.5075pt>
File: Table7.2B.jpg Graphic file (type jpg)
<use Table7.2B.jpg>
Package pdftex.def Info: Table7.2B.jpg  used on input line 513.
(pdftex.def)             Requested size: 276.559pt x 149.1292pt.
Package epstopdf Info: Source file: <UST4C_L3.eps>
(epstopdf)                    date: 2015-05-10 01:35:38
(epstopdf)                    size: 187046 bytes
(epstopdf)             Output file: <UST4C_L3-eps-converted-to.pdf>
(epstopdf)                    date: 2022-05-04 11:34:08
(epstopdf)                    size: 10783 bytes
(epstopdf)             Command: <repstopdf --outfile=UST4C_L3-eps-converted-to.
pdf UST4C_L3.eps>
(epstopdf)             \includegraphics on input line 513.
Package epstopdf Info: Output file is already uptodate.
File: UST4C_L3-eps-converted-to.pdf Graphic file (type pdf)
<use UST4C_L3-eps-converted-to.pdf>
Package pdftex.def Info: UST4C_L3-eps-converted-to.pdf  used on input line 513.

(pdftex.def)             Requested size: 41.85455pt x 7.97946pt.
 [40

 <./Table7.2B.jpg>]
Package epstopdf Info: Source file: <UST4C_L3.eps>
(epstopdf)                    date: 2015-05-10 01:35:38
(epstopdf)                    size: 187046 bytes
(epstopdf)             Output file: <UST4C_L3-eps-converted-to.pdf>
(epstopdf)                    date: 2022-05-04 11:34:08
(epstopdf)                    size: 10783 bytes
(epstopdf)             Command: <repstopdf --outfile=UST4C_L3-eps-converted-to.
pdf UST4C_L3.eps>
(epstopdf)             \includegraphics on input line 528.
Package epstopdf Info: Output file is already uptodate.
File: UST4C_L3-eps-converted-to.pdf Graphic file (type pdf)
<use UST4C_L3-eps-converted-to.pdf>
Package pdftex.def Info: UST4C_L3-eps-converted-to.pdf  used on input line 528.

(pdftex.def)             Requested size: 41.85455pt x 7.97946pt.
 [41

]
(./Lingfei Thesis.bbl)
Package epstopdf Info: Source file: <UST4C_L3.eps>
(epstopdf)                    date: 2015-05-10 01:35:38
(epstopdf)                    size: 187046 bytes
(epstopdf)             Output file: <UST4C_L3-eps-converted-to.pdf>
(epstopdf)                    date: 2022-05-04 11:34:08
(epstopdf)                    size: 10783 bytes
(epstopdf)             Command: <repstopdf --outfile=UST4C_L3-eps-converted-to.
pdf UST4C_L3.eps>
(epstopdf)             \includegraphics on input line 538.
Package epstopdf Info: Output file is already uptodate.
File: UST4C_L3-eps-converted-to.pdf Graphic file (type pdf)
<use UST4C_L3-eps-converted-to.pdf>
Package pdftex.def Info: UST4C_L3-eps-converted-to.pdf  used on input line 538.

(pdftex.def)             Requested size: 41.85455pt x 7.97946pt.
 [42

 <c:/texlive/2022/texmf-dist/tex/latex/beamer/beamericonarticle.pdf>]
Package epstopdf Info: Source file: <UST4C_L3.eps>
(epstopdf)                    date: 2015-05-10 01:35:38
(epstopdf)                    size: 187046 bytes
(epstopdf)             Output file: <UST4C_L3-eps-converted-to.pdf>
(epstopdf)                    date: 2022-05-04 11:34:08
(epstopdf)                    size: 10783 bytes
(epstopdf)             Command: <repstopdf --outfile=UST4C_L3-eps-converted-to.
pdf UST4C_L3.eps>
(epstopdf)             \includegraphics on input line 538.
Package epstopdf Info: Output file is already uptodate.
File: UST4C_L3-eps-converted-to.pdf Graphic file (type pdf)
<use UST4C_L3-eps-converted-to.pdf>
Package pdftex.def Info: UST4C_L3-eps-converted-to.pdf  used on input line 538.

(pdftex.def)             Requested size: 41.85455pt x 7.97946pt.
 [43


]
Package epstopdf Info: Source file: <UST4C_L3.eps>
(epstopdf)                    date: 2015-05-10 01:35:38
(epstopdf)                    size: 187046 bytes
(epstopdf)             Output file: <UST4C_L3-eps-converted-to.pdf>
(epstopdf)                    date: 2022-05-04 11:34:08
(epstopdf)                    size: 10783 bytes
(epstopdf)             Command: <repstopdf --outfile=UST4C_L3-eps-converted-to.
pdf UST4C_L3.eps>
(epstopdf)             \includegraphics on input line 538.
Package epstopdf Info: Output file is already uptodate.
File: UST4C_L3-eps-converted-to.pdf Graphic file (type pdf)
<use UST4C_L3-eps-converted-to.pdf>
Package pdftex.def Info: UST4C_L3-eps-converted-to.pdf  used on input line 538.

(pdftex.def)             Requested size: 41.85455pt x 7.97946pt.
 [44


]
Package epstopdf Info: Source file: <UST4C_L3.eps>
(epstopdf)                    date: 2015-05-10 01:35:38
(epstopdf)                    size: 187046 bytes
(epstopdf)             Output file: <UST4C_L3-eps-converted-to.pdf>
(epstopdf)                    date: 2022-05-04 11:34:08
(epstopdf)                    size: 10783 bytes
(epstopdf)             Command: <repstopdf --outfile=UST4C_L3-eps-converted-to.
pdf UST4C_L3.eps>
(epstopdf)             \includegraphics on input line 538.
Package epstopdf Info: Output file is already uptodate.
File: UST4C_L3-eps-converted-to.pdf Graphic file (type pdf)
<use UST4C_L3-eps-converted-to.pdf>
Package pdftex.def Info: UST4C_L3-eps-converted-to.pdf  used on input line 538.

(pdftex.def)             Requested size: 41.85455pt x 7.97946pt.
 [45


]
Package epstopdf Info: Source file: <UST4C_L3.eps>
(epstopdf)                    date: 2015-05-10 01:35:38
(epstopdf)                    size: 187046 bytes
(epstopdf)             Output file: <UST4C_L3-eps-converted-to.pdf>
(epstopdf)                    date: 2022-05-04 11:34:08
(epstopdf)                    size: 10783 bytes
(epstopdf)             Command: <repstopdf --outfile=UST4C_L3-eps-converted-to.
pdf UST4C_L3.eps>
(epstopdf)             \includegraphics on input line 538.
Package epstopdf Info: Output file is already uptodate.
File: UST4C_L3-eps-converted-to.pdf Graphic file (type pdf)
<use UST4C_L3-eps-converted-to.pdf>
Package pdftex.def Info: UST4C_L3-eps-converted-to.pdf  used on input line 538.

(pdftex.def)             Requested size: 41.85455pt x 7.97946pt.
 [46


]
Package epstopdf Info: Source file: <UST4C_L3.eps>
(epstopdf)                    date: 2015-05-10 01:35:38
(epstopdf)                    size: 187046 bytes
(epstopdf)             Output file: <UST4C_L3-eps-converted-to.pdf>
(epstopdf)                    date: 2022-05-04 11:34:08
(epstopdf)                    size: 10783 bytes
(epstopdf)             Command: <repstopdf --outfile=UST4C_L3-eps-converted-to.
pdf UST4C_L3.eps>
(epstopdf)             \includegraphics on input line 538.
Package epstopdf Info: Output file is already uptodate.
File: UST4C_L3-eps-converted-to.pdf Graphic file (type pdf)
<use UST4C_L3-eps-converted-to.pdf>
Package pdftex.def Info: UST4C_L3-eps-converted-to.pdf  used on input line 538.

(pdftex.def)             Requested size: 41.85455pt x 7.97946pt.
 [47


]
\tf@nav=\write6
\openout6 = `"Lingfei Thesis.nav"'.

\tf@toc=\write7
\openout7 = `"Lingfei Thesis.toc"'.

\tf@snm=\write8
\openout8 = `"Lingfei Thesis.snm"'.

 (./Lingfei Thesis.aux)

LaTeX Font Warning: Some font shapes were not available, defaults substituted.

Package rerunfilecheck Info: File `"Lingfei Thesis".out' has not changed.
(rerunfilecheck)             Checksum: 68694BB0D4D9DDB34234169AC01F3AF8;969.
 ) 
Here is how much of TeX's memory you used:
 25042 strings out of 478268
 498556 string characters out of 5850345
 820784 words of memory out of 5000000
 42544 multiletter control sequences out of 15000+600000
 509541 words of font info for 128 fonts, out of 8000000 for 9000
 1141 hyphenation exceptions out of 8191
 128i,19n,122p,440b,791s stack positions out of 10000i,1000n,20000p,200000b,200000s
<c:/texlive/2022/texmf-dist/fonts/type1/public/amsfonts/cm/cmmi10.pfb><c:/tex
live/2022/texmf-dist/fonts/type1/public/amsfonts/cm/cmss10.pfb><c:/texlive/2022
/texmf-dist/fonts/type1/public/amsfonts/cm/cmss12.pfb><c:/texlive/2022/texmf-di
st/fonts/type1/public/amsfonts/cm/cmss8.pfb><c:/texlive/2022/texmf-dist/fonts/t
ype1/public/amsfonts/cm/cmss9.pfb><c:/texlive/2022/texmf-dist/fonts/type1/publi
c/amsfonts/cm/cmssbx10.pfb><c:/texlive/2022/texmf-dist/fonts/type1/public/amsfo
nts/cm/cmssi10.pfb><c:/texlive/2022/texmf-dist/fonts/type1/public/amsfonts/cm/c
mssi8.pfb><c:/texlive/2022/texmf-dist/fonts/type1/public/amsfonts/cm/cmssi9.pfb
><c:/texlive/2022/texmf-dist/fonts/type1/public/amsfonts/cm/cmsy10.pfb><c:/texl
ive/2022/texmf-dist/fonts/type1/public/amsfonts/cm/cmsy8.pfb><c:/texlive/2022/t
exmf-dist/fonts/type1/public/amsfonts/symbols/msbm10.pfb><c:/texlive/2022/texmf
-dist/fonts/type1/urw/symbol/usyr.pfb><c:/texlive/2022/texmf-dist/fonts/type1/u
rw/symbol/usyr.pfb>
Output written on "Lingfei Thesis.pdf" (47 pages, 3603560 bytes).
PDF statistics:
 4054 PDF objects out of 4296 (max. 8388607)
 3854 compressed objects within 39 object streams
 153 named destinations out of 1000 (max. 500000)
 206 words of extra memory for PDF output out of 10000 (max. 10000000)

